2022-12-31 14:28:15 - [INFO] - {{EXTRACTING FILES}} Extracting compressed files in: /home/zexious/project/sloci2
2022-12-31 14:28:15 - [INFO] - {{Project Type Info}} analog
2022-12-31 14:28:15 - [INFO] - {{Project GDS Info}} user_analog_project_wrapper: 2c3141dcf75170d26a7649d06c9bf8b124748002
2022-12-31 14:28:17 - [INFO] - {{Tools Info}} KLayout: v0.27.10 | Magic: v8.3.315
2022-12-31 14:28:17 - [INFO] - {{PDKs Info}} SKY130A: f70d8ca46961ff92719d8870a18a076370b85f6c | Open PDKs: 120b0bd69c745825a0b8b76f364043a1cd08bb6a
2022-12-31 14:28:17 - [INFO] - {{START}} Precheck Started, the full log 'precheck.log' will be located in '/home/zexious/project/sloci2/precheck_results/31_DEC_2022___14_28_15/logs'
2022-12-31 14:28:17 - [INFO] - {{PRECHECK SEQUENCE}} Precheck will run the following checks: [License, Makefile, Default, Documentation, Consistency, GPIO-Defines, XOR, Magic DRC, Klayout FEOL, Klayout BEOL, Klayout Offgrid, Klayout Metal Minimum Clear Area Density, Klayout Pin Label Purposes Overlapping Drawing, Klayout ZeroArea]
2022-12-31 14:28:17 - [INFO] - {{STEP UPDATE}} Executing Check 1 of 14: License
2022-12-31 14:28:17 - [INFO] - An approved LICENSE (Apache-2.0) was found in /home/zexious/project/sloci2.
2022-12-31 14:28:17 - [INFO] - {{MAIN LICENSE CHECK PASSED}} An approved LICENSE was found in project root.
2022-12-31 14:28:18 - [INFO] - An approved LICENSE (Apache-2.0) was found in /home/zexious/project/sloci2.
2022-12-31 14:28:18 - [INFO] - {{SUBMODULES LICENSE CHECK PASSED}} No prohibited LICENSE file(s) was found in project submodules
2022-12-31 14:28:18 - [ERROR] - SPDX COMPLIANCE SYMLINK FILE NOT FOUND in /home/zexious/project/sloci2/openlane/Makefile
2022-12-31 14:28:18 - [WARNING] - {{SPDX COMPLIANCE CHECK FAILED}} Found 245 non-compliant file(s) with the SPDX Standard.
2022-12-31 14:28:18 - [INFO] - SPDX COMPLIANCE: NON-COMPLIANT FILE(S) PREVIEW: ['/home/zexious/project/sloci2/sourceme_precheck', '/home/zexious/project/sloci2/mag/compare_out_cmos_rc_top', '/home/zexious/project/sloci2/mag/lvs.tcl', '/home/zexious/project/sloci2/mag/netgen_1_channel_rc_lvs.sh', '/home/zexious/project/sloci2/mag/current_ref/sky130_fd_pr__nfet_01v8_lvt_7MFZYU.ext', '/home/zexious/project/sloci2/mag/current_ref/XM_output_mirr_combined.ext', '/home/zexious/project/sloci2/mag/current_ref/sky130_fd_pr__nfet_01v8_lvt_H8V8HY.ext', '/home/zexious/project/sloci2/mag/current_ref/netgen_current_ref.sh', '/home/zexious/project/sloci2/mag/current_ref/XM_current_gate.ext', '/home/zexious/project/sloci2/mag/current_ref/sky130_fd_pr__nfet_01v8_lvt_A5VCMN.ext', '/home/zexious/project/sloci2/mag/current_ref/sky130_fd_pr__res_high_po_1p41_G3LFBQ.ext', '/home/zexious/project/sloci2/mag/current_ref/XM_ppair.ext', '/home/zexious/project/sloci2/mag/current_ref/sky130_fd_pr__nfet_01v8_lvt_USQY94.ext', '/home/zexious/project/sloci2/mag/current_ref/compare_out_current_ref', '/home/zexious/project/sloci2/mag/current_ref/sky130_fd_pr__pfet_01v8_lvt_B64SAM.ext']
2022-12-31 14:28:18 - [INFO] - For the full SPDX compliance report check: /home/zexious/project/sloci2/precheck_results/31_DEC_2022___14_28_15/logs/spdx_compliance_report.log
2022-12-31 14:28:18 - [INFO] - {{STEP UPDATE}} Executing Check 2 of 14: Makefile
2022-12-31 14:28:18 - [INFO] - {{MAKEFILE CHECK PASSED}} Makefile valid.
2022-12-31 14:28:18 - [INFO] - {{STEP UPDATE}} Executing Check 3 of 14: Default
2022-12-31 14:28:18 - [WARNING] - The provided 'README.md' is identical to the default 'README.md'
2022-12-31 14:28:18 - [WARNING] - {{README DEFAULT CHECK FAILED}} Project 'README.md' was not modified and is identical to the default 'README.md'
2022-12-31 14:28:18 - [INFO] - {{CONTENT DEFAULT CHECK PASSED}} Project 'gds' was modified and is not identical to the default 'gds'
2022-12-31 14:28:18 - [INFO] - {{STEP UPDATE}} Executing Check 4 of 14: Documentation
2022-12-31 14:28:18 - [INFO] - {{DOCUMENTATION CHECK PASSED}} Project documentation is appropriate.
2022-12-31 14:28:18 - [INFO] - {{STEP UPDATE}} Executing Check 5 of 14: Consistency
2022-12-31 14:28:20 - [INFO] - {{NETLIST CONSISTENCY CHECK PASSED}} caravan netlist passed all consistency checks.
2022-12-31 14:28:20 - [INFO] - PORTS CHECK PASSED: Netlist user_analog_project_wrapper ports match the golden wrapper ports
2022-12-31 14:28:20 - [INFO] - COMPLEXITY CHECK PASSED: Netlist user_analog_project_wrapper contains at least 1 instances (11 instances). 
2022-12-31 14:28:20 - [INFO] - MODELING CHECK PASSED: Netlist user_analog_project_wrapper is structural.
2022-12-31 14:28:20 - [WARNING] - LAYOUT CHECK FAILED: The GDS layout for user_analog_project_wrapper doesn't match the provided structural netlist. Mismatching modules are: ['VCO-assembly' 'cmos_imager_rc_top' 'current_ref' 'inductor_4'
 'inductor_differential']
2022-12-31 14:28:20 - [WARNING] - {{NETLIST CONSISTENCY CHECK FAILED}} user_analog_project_wrapper netlist failed 1 consistency check(s): ['LAYOUT'].
2022-12-31 14:28:20 - [WARNING] - {{CONSISTENCY CHECK FAILED}} The user netlist and the top netlist are not valid.
2022-12-31 14:28:20 - [INFO] - {{STEP UPDATE}} Executing Check 6 of 14: GPIO-Defines
2022-12-31 14:28:20 - [WARNING] - {{GPIO-DEFINES: MAIN USER DEFINES FAIL}} /home/zexious/project/sloci2/verilog/rtl/user_defines.v not readable.
2022-12-31 14:28:20 - [CRITICAL] - {{GPIO-DEFINES: CHECK FAILED}} Fail due to 1 error(s) reported above. No report generated.
2022-12-31 14:28:20 - [WARNING] - {{GPIO-DEFINES CHECK FAILED}} The user verilog/rtl/user_defines.v is not valid.
2022-12-31 14:28:20 - [INFO] - {{STEP UPDATE}} Executing Check 7 of 14: XOR
2022-12-31 14:28:23 - [INFO] - {{XOR CHECK UPDATE}} Total XOR differences: 0, for more details view /home/zexious/project/sloci2/precheck_results/31_DEC_2022___14_28_15/outputs/user_analog_project_wrapper.xor.gds
2022-12-31 14:28:23 - [INFO] - {{XOR CHECK PASSED}} The GDS file has no XOR violations.
2022-12-31 14:28:23 - [INFO] - {{STEP UPDATE}} Executing Check 8 of 14: Magic DRC
2022-12-31 14:28:27 - [INFO] - 0 DRC violations
2022-12-31 14:28:27 - [INFO] - {{MAGIC DRC CHECK PASSED}} The GDS file, user_analog_project_wrapper.gds, has no DRC violations.
2022-12-31 14:28:27 - [INFO] - {{STEP UPDATE}} Executing Check 9 of 14: Klayout FEOL
2022-12-31 14:28:27 - [INFO] - in CUSTOM klayout_gds_drc_check
2022-12-31 14:28:27 - [INFO] - run: klayout -b -r /home/zexious/mpw_precheck/checks/tech-files/sky130A_mr.drc -rd input=/home/zexious/project/sloci2/gds/user_analog_project_wrapper.gds -rd topcell=user_analog_project_wrapper -rd report=/home/zexious/project/sloci2/precheck_results/31_DEC_2022___14_28_15/outputs/reports/klayout_feol_check.xml -rd feol=true >& /home/zexious/project/sloci2/precheck_results/31_DEC_2022___14_28_15/logs/klayout_feol_check.log
2022-12-31 14:28:31 - [INFO] - No DRC Violations found
2022-12-31 14:28:31 - [INFO] - {{Klayout FEOL CHECK PASSED}} The GDS file, user_analog_project_wrapper.gds, has no DRC violations.
2022-12-31 14:28:31 - [INFO] - {{STEP UPDATE}} Executing Check 10 of 14: Klayout BEOL
2022-12-31 14:28:31 - [INFO] - in CUSTOM klayout_gds_drc_check
2022-12-31 14:28:31 - [INFO] - run: klayout -b -r /home/zexious/mpw_precheck/checks/tech-files/sky130A_mr.drc -rd input=/home/zexious/project/sloci2/gds/user_analog_project_wrapper.gds -rd topcell=user_analog_project_wrapper -rd report=/home/zexious/project/sloci2/precheck_results/31_DEC_2022___14_28_15/outputs/reports/klayout_beol_check.xml -rd beol=true >& /home/zexious/project/sloci2/precheck_results/31_DEC_2022___14_28_15/logs/klayout_beol_check.log
2022-12-31 14:28:42 - [ERROR] - Total # of DRC violations is 988 Please check /home/zexious/project/sloci2/precheck_results/31_DEC_2022___14_28_15/outputs/reports/klayout_beol_check.xml For more details
2022-12-31 14:28:42 - [WARNING] - {{Klayout BEOL CHECK FAILED}} The GDS file, user_analog_project_wrapper.gds, has DRC violations.
2022-12-31 14:28:42 - [INFO] - {{STEP UPDATE}} Executing Check 11 of 14: Klayout Offgrid
2022-12-31 14:28:42 - [INFO] - in CUSTOM klayout_gds_drc_check
2022-12-31 14:28:42 - [INFO] - run: klayout -b -r /home/zexious/mpw_precheck/checks/tech-files/sky130A_mr.drc -rd input=/home/zexious/project/sloci2/gds/user_analog_project_wrapper.gds -rd topcell=user_analog_project_wrapper -rd report=/home/zexious/project/sloci2/precheck_results/31_DEC_2022___14_28_15/outputs/reports/klayout_offgrid_check.xml -rd offgrid=true >& /home/zexious/project/sloci2/precheck_results/31_DEC_2022___14_28_15/logs/klayout_offgrid_check.log
2022-12-31 14:28:45 - [INFO] - No DRC Violations found
2022-12-31 14:28:45 - [INFO] - {{Klayout Offgrid CHECK PASSED}} The GDS file, user_analog_project_wrapper.gds, has no DRC violations.
2022-12-31 14:28:45 - [INFO] - {{STEP UPDATE}} Executing Check 12 of 14: Klayout Metal Minimum Clear Area Density
2022-12-31 14:28:45 - [INFO] - in CUSTOM klayout_gds_drc_check
2022-12-31 14:28:45 - [INFO] - run: klayout -b -r /home/zexious/mpw_precheck/checks/drc_checks/klayout/met_min_ca_density.lydrc -rd input=/home/zexious/project/sloci2/gds/user_analog_project_wrapper.gds -rd topcell=user_analog_project_wrapper -rd report=/home/zexious/project/sloci2/precheck_results/31_DEC_2022___14_28_15/outputs/reports/klayout_met_min_ca_density_check.xml >& /home/zexious/project/sloci2/precheck_results/31_DEC_2022___14_28_15/logs/klayout_met_min_ca_density_check.log
2022-12-31 14:28:46 - [INFO] - No DRC Violations found
2022-12-31 14:28:46 - [INFO] - {{Klayout Metal Minimum Clear Area Density CHECK PASSED}} The GDS file, user_analog_project_wrapper.gds, has no DRC violations.
2022-12-31 14:28:46 - [INFO] - {{STEP UPDATE}} Executing Check 13 of 14: Klayout Pin Label Purposes Overlapping Drawing
2022-12-31 14:28:46 - [INFO] - in CUSTOM klayout_gds_drc_check
2022-12-31 14:28:46 - [INFO] - run: klayout -b -r /home/zexious/mpw_precheck/checks/drc_checks/klayout/pin_label_purposes_overlapping_drawing.rb.drc -rd input=/home/zexious/project/sloci2/gds/user_analog_project_wrapper.gds -rd topcell=user_analog_project_wrapper -rd report=/home/zexious/project/sloci2/precheck_results/31_DEC_2022___14_28_15/outputs/reports/klayout_pin_label_purposes_overlapping_drawing_check.xml -rd top_cell_name=user_analog_project_wrapper >& /home/zexious/project/sloci2/precheck_results/31_DEC_2022___14_28_15/logs/klayout_pin_label_purposes_overlapping_drawing_check.log
2022-12-31 14:28:47 - [INFO] - No DRC Violations found
2022-12-31 14:28:47 - [INFO] - {{Klayout Pin Label Purposes Overlapping Drawing CHECK PASSED}} The GDS file, user_analog_project_wrapper.gds, has no DRC violations.
2022-12-31 14:28:47 - [INFO] - {{STEP UPDATE}} Executing Check 14 of 14: Klayout ZeroArea
2022-12-31 14:28:47 - [INFO] - in CUSTOM klayout_gds_drc_check
2022-12-31 14:28:47 - [INFO] - run: klayout -b -r /home/zexious/mpw_precheck/checks/drc_checks/klayout/zeroarea.rb.drc -rd input=/home/zexious/project/sloci2/gds/user_analog_project_wrapper.gds -rd topcell=user_analog_project_wrapper -rd report=/home/zexious/project/sloci2/precheck_results/31_DEC_2022___14_28_15/outputs/reports/klayout_zeroarea_check.xml -rd cleaned_output=/home/zexious/project/sloci2/precheck_results/31_DEC_2022___14_28_15/outputs/user_analog_project_wrapper_no_zero_areas.gds >& /home/zexious/project/sloci2/precheck_results/31_DEC_2022___14_28_15/logs/klayout_zeroarea_check.log
2022-12-31 14:28:48 - [INFO] - No DRC Violations found
2022-12-31 14:28:48 - [INFO] - {{Klayout ZeroArea CHECK PASSED}} The GDS file, user_analog_project_wrapper.gds, has no DRC violations.
2022-12-31 14:28:48 - [INFO] - {{FINISH}} Executing Finished, the full log 'precheck.log' can be found in '/home/zexious/project/sloci2/precheck_results/31_DEC_2022___14_28_15/logs'
2022-12-31 14:28:48 - [CRITICAL] - {{FAILURE}} 4 Check(s) Failed: ['Default', 'Consistency', 'GPIO-Defines', 'Klayout BEOL'] !!!
