/home/zexious/project/sloci2/sourceme_precheck
/home/zexious/project/sloci2/mag/compare_out_cmos_rc_top
/home/zexious/project/sloci2/mag/lvs.tcl
/home/zexious/project/sloci2/mag/netgen_1_channel_rc_lvs.sh
/home/zexious/project/sloci2/mag/current_ref/sky130_fd_pr__nfet_01v8_lvt_7MFZYU.ext
/home/zexious/project/sloci2/mag/current_ref/XM_output_mirr_combined.ext
/home/zexious/project/sloci2/mag/current_ref/sky130_fd_pr__nfet_01v8_lvt_H8V8HY.ext
/home/zexious/project/sloci2/mag/current_ref/netgen_current_ref.sh
/home/zexious/project/sloci2/mag/current_ref/XM_current_gate.ext
/home/zexious/project/sloci2/mag/current_ref/sky130_fd_pr__nfet_01v8_lvt_A5VCMN.ext
/home/zexious/project/sloci2/mag/current_ref/sky130_fd_pr__res_high_po_1p41_G3LFBQ.ext
/home/zexious/project/sloci2/mag/current_ref/XM_ppair.ext
/home/zexious/project/sloci2/mag/current_ref/sky130_fd_pr__nfet_01v8_lvt_USQY94.ext
/home/zexious/project/sloci2/mag/current_ref/compare_out_current_ref
/home/zexious/project/sloci2/mag/current_ref/sky130_fd_pr__pfet_01v8_lvt_B64SAM.ext
/home/zexious/project/sloci2/mag/current_ref/sky130_fd_pr__pfet_01v8_lvt_Q24T46.ext
/home/zexious/project/sloci2/mag/current_ref/sky130_fd_pr__nfet_01v8_lvt_64S6GM.ext
/home/zexious/project/sloci2/mag/current_ref/XM_current_gate_with_dummy.ext
/home/zexious/project/sloci2/mag/current_ref/sky130_fd_pr__res_high_po_1p41_EL7NMZ.ext
/home/zexious/project/sloci2/mag/current_ref/sky130_fd_pr__nfet_01v8_lvt_E2U6GT.ext
/home/zexious/project/sloci2/mag/current_ref/XM_cs.ext
/home/zexious/project/sloci2/mag/current_ref/opamp_realcomp3_usefinger.ext
/home/zexious/project/sloci2/mag/current_ref/sky130_fd_pr__nfet_01v8_lvt_64DJ5N.ext
/home/zexious/project/sloci2/mag/current_ref/sky130_fd_pr__res_high_po_2p85_7J2RPB.ext
/home/zexious/project/sloci2/mag/current_ref/lvs.tcl
/home/zexious/project/sloci2/mag/current_ref/XM_tail.ext
/home/zexious/project/sloci2/mag/current_ref/sky130_fd_pr__cap_mim_m3_1_EN3Q86.ext
/home/zexious/project/sloci2/mag/current_ref/XM_diffpair.ext
/home/zexious/project/sloci2/mag/current_ref/sky130_fd_pr__nfet_01v8_lvt_E96B6C.ext
/home/zexious/project/sloci2/mag/current_ref/sky130_fd_pr__pfet_01v8_lvt_MUVY4U.ext
/home/zexious/project/sloci2/mag/current_ref/XM_output_mirr.ext
/home/zexious/project/sloci2/mag/current_ref/XM_actload2.ext
/home/zexious/project/sloci2/mag/current_ref/current_ref.ext
/home/zexious/project/sloci2/mag/current_ref/XM_Rref.ext
/home/zexious/project/sloci2/mag/current_ref/sky130_fd_pr__res_xhigh_po_5p73_UZMRKM.ext
/home/zexious/project/sloci2/mag/current_ref/compare_out
/home/zexious/project/sloci2/mag/current_ref/XM_output_mirr_combined_with_dummy.ext
/home/zexious/project/sloci2/mag/current_ref/sky130_fd_pr__pfet_01v8_lvt_D74VRS.ext
/home/zexious/project/sloci2/mag/current_ref/sky130_fd_pr__pfet_01v8_lvt_MBDTEX.ext
/home/zexious/project/sloci2/mag/cmos_imager/sky130_fd_pr__cap_mim_m3_1_WXTTNJ.ext
/home/zexious/project/sloci2/mag/cmos_imager/sky130_fd_pr__nfet_01v8_lvt_7MFZYU.ext
/home/zexious/project/sloci2/mag/cmos_imager/bias.ext
/home/zexious/project/sloci2/mag/cmos_imager/netgen.sh
/home/zexious/project/sloci2/mag/cmos_imager/sky130_fd_pr__pfet_01v8_LDYTSD.ext
/home/zexious/project/sloci2/mag/cmos_imager/compare_out_3T
/home/zexious/project/sloci2/mag/cmos_imager/3T.ext
/home/zexious/project/sloci2/mag/cmos_imager/sky130_fd_pr__nfet_01v8_WSE2Y6.ext
/home/zexious/project/sloci2/mag/cmos_imager/compare_out_decoder
/home/zexious/project/sloci2/mag/cmos_imager/compare_out_cmos_rc_top
/home/zexious/project/sloci2/mag/cmos_imager/sky130_fd_pr__nfet_01v8_lvt_A5VCMN.ext
/home/zexious/project/sloci2/mag/cmos_imager/sky130_fd_pr__nfet_01v8_lvt_WSE2Y6.ext
/home/zexious/project/sloci2/mag/cmos_imager/XM_ppair.ext
/home/zexious/project/sloci2/mag/cmos_imager/rc_model_8cap.ext
/home/zexious/project/sloci2/mag/cmos_imager/rc_model_4cap.ext
/home/zexious/project/sloci2/mag/cmos_imager/compare_out_and
/home/zexious/project/sloci2/mag/cmos_imager/netgen_and.sh
/home/zexious/project/sloci2/mag/cmos_imager/sky130_fd_pr__nfet_01v8_lvt_USQY94.ext
/home/zexious/project/sloci2/mag/cmos_imager/sky130_fd_pr__pfet_01v8_lvt_BKT746.ext
/home/zexious/project/sloci2/mag/cmos_imager/sky130_fd_pr__pfet_01v8_lvt_B64SAM.ext
/home/zexious/project/sloci2/mag/cmos_imager/sky130_fd_pr__nfet_01v8_lvt_ZSX9YN.ext
/home/zexious/project/sloci2/mag/cmos_imager/sky130_fd_pr__nfet_01v8_lvt_M93XMJ.ext
/home/zexious/project/sloci2/mag/cmos_imager/sky130_fd_pr__pfet_01v8_TSNZVH.ext
/home/zexious/project/sloci2/mag/cmos_imager/XM_cs.ext
/home/zexious/project/sloci2/mag/cmos_imager/2_to_4_decoder.ext
/home/zexious/project/sloci2/mag/cmos_imager/cd_current.ext
/home/zexious/project/sloci2/mag/cmos_imager/opamp_realcomp3_usefinger.ext
/home/zexious/project/sloci2/mag/cmos_imager/and.ext
/home/zexious/project/sloci2/mag/cmos_imager/rc_model_6cap.ext
/home/zexious/project/sloci2/mag/cmos_imager/sky130_fd_pr__res_xhigh_po_5p73_AW8RAB.ext
/home/zexious/project/sloci2/mag/cmos_imager/sky130_fd_pr__res_high_po_2p85_7J2RPB.ext
/home/zexious/project/sloci2/mag/cmos_imager/lvs.tcl
/home/zexious/project/sloci2/mag/cmos_imager/XM_tail.ext
/home/zexious/project/sloci2/mag/cmos_imager/inv.ext
/home/zexious/project/sloci2/mag/cmos_imager/sky130_fd_pr__nfet_01v8_lvt_XHV9AV.ext
/home/zexious/project/sloci2/mag/cmos_imager/netgen_3T.sh
/home/zexious/project/sloci2/mag/cmos_imager/netgen_1_channel_rc_lvs.sh
/home/zexious/project/sloci2/mag/cmos_imager/sky130_fd_pr__cap_mim_m3_1_EN3Q86.ext
/home/zexious/project/sloci2/mag/cmos_imager/XM_diffpair.ext
/home/zexious/project/sloci2/mag/cmos_imager/sky130_fd_pr__nfet_01v8_lvt_E96B6C.ext
/home/zexious/project/sloci2/mag/cmos_imager/sky130_fd_pr__cap_mim_m3_1_LQXKLG.ext
/home/zexious/project/sloci2/mag/cmos_imager/XM_actload2.ext
/home/zexious/project/sloci2/mag/cmos_imager/sky130_fd_pr__nfet_01v8_Y5UG24.ext
/home/zexious/project/sloci2/mag/cmos_imager/golden_output
/home/zexious/project/sloci2/mag/cmos_imager/compare_out
/home/zexious/project/sloci2/mag/cmos_imager/cmos_imager_rc_top.ext
/home/zexious/project/sloci2/mag/cmos_imager/cd_output.ext
/home/zexious/project/sloci2/mag/cmos_imager/sky130_fd_pr__nfet_01v8_lvt_Z6RSN3.ext
/home/zexious/project/sloci2/mag/cmos_imager/sky130_fd_pr__pfet_01v8_lvt_QH9SH3.ext
/home/zexious/project/sloci2/mag/cmos_imager/sky130_fd_pr__nfet_01v8_lvt_J9QE6F.ext
/home/zexious/project/sloci2/mag/cmos_imager/netgen_decoder.sh
/home/zexious/project/sloci2/mag/cmos_imager/sky130_fd_pr__cap_mim_m3_1_L46JLG.ext
/home/zexious/project/sloci2/mag/cmos_imager/sample_hold.ext
/home/zexious/project/sloci2/mag/cmos_imager/sky130_fd_pr__pfet_01v8_lvt_D74VRS.ext
/home/zexious/project/sloci2/mag/cmos_imager/sky130_fd_pr__pfet_01v8_lvt_MBDTEX.ext
/home/zexious/project/sloci2/xschem/user_analog_project_wrapper.sym
/home/zexious/project/sloci2/xschem/example_por.sch
/home/zexious/project/sloci2/xschem/xschemrc
/home/zexious/project/sloci2/xschem/analog_wrapper_tb.sch
/home/zexious/project/sloci2/xschem/current_ref.sch
/home/zexious/project/sloci2/xschem/example_por_tb.spice.orig
/home/zexious/project/sloci2/xschem/test.data
/home/zexious/project/sloci2/xschem/.spiceinit
/home/zexious/project/sloci2/xschem/user_analog_project_wrapper.sch
/home/zexious/project/sloci2/xschem/example_por.sym
/home/zexious/project/sloci2/xschem/sourceme
/home/zexious/project/sloci2/xschem/example_por_tb.sch
/home/zexious/project/sloci2/xschem/cmos_imager/tb_pixel_real_rc_buffer_sh_addressing.sch
/home/zexious/project/sloci2/xschem/cmos_imager/photodiode_real_rc_6cap_lvs.sch
/home/zexious/project/sloci2/xschem/cmos_imager/photodiode_real_rc_4cap_lvs.sym
/home/zexious/project/sloci2/xschem/cmos_imager/photodiode.sch
/home/zexious/project/sloci2/xschem/cmos_imager/4x4.sch
/home/zexious/project/sloci2/xschem/cmos_imager/photodiode_real_rc_6cap_lvs.sym
/home/zexious/project/sloci2/xschem/cmos_imager/tb_pixel_real_rc.sch
/home/zexious/project/sloci2/xschem/cmos_imager/1_channel_2nd.sch
/home/zexious/project/sloci2/xschem/cmos_imager/tb_pixel_real_rc_buffer_sh_addressing3.sch
/home/zexious/project/sloci2/xschem/cmos_imager/3T.sym
/home/zexious/project/sloci2/xschem/cmos_imager/photodiode.sym
/home/zexious/project/sloci2/xschem/cmos_imager/photodiode_real_rc_40p.sch
/home/zexious/project/sloci2/xschem/cmos_imager/tb_pixel.sch
/home/zexious/project/sloci2/xschem/cmos_imager/photodiode_scratch.sym
/home/zexious/project/sloci2/xschem/cmos_imager/column_amp.sch
/home/zexious/project/sloci2/xschem/cmos_imager/sample_hold.sch
/home/zexious/project/sloci2/xschem/cmos_imager/photodiode_real_rc_10p.sym
/home/zexious/project/sloci2/xschem/cmos_imager/photodiode_real_rc_8cap_lvs.sym
/home/zexious/project/sloci2/xschem/cmos_imager/untitled.sch
/home/zexious/project/sloci2/xschem/cmos_imager/1_channel_rc_lvs_no_meter.sch
/home/zexious/project/sloci2/xschem/cmos_imager/1_channel_2nd.sym
/home/zexious/project/sloci2/xschem/cmos_imager/tb_1_channel_rc_lvs.sch
/home/zexious/project/sloci2/xschem/cmos_imager/tb_pixel_real_rc_buffer.sch
/home/zexious/project/sloci2/xschem/cmos_imager/tb_unity_gain_buffer.sch
/home/zexious/project/sloci2/xschem/cmos_imager/row_select_clk.sch
/home/zexious/project/sloci2/xschem/cmos_imager/1_channel.sch
/home/zexious/project/sloci2/xschem/cmos_imager/photodiode_real_rc.sch
/home/zexious/project/sloci2/xschem/cmos_imager/photodiode_real_rc_8cap_lvs.sch
/home/zexious/project/sloci2/xschem/cmos_imager/tb_1_channel_rc.sch
/home/zexious/project/sloci2/xschem/cmos_imager/photodiode_real_rc_40p.sym
/home/zexious/project/sloci2/xschem/cmos_imager/tb_pixel2.sch
/home/zexious/project/sloci2/xschem/cmos_imager/photodiode_rc_model.sch
/home/zexious/project/sloci2/xschem/cmos_imager/3T.sch
/home/zexious/project/sloci2/xschem/cmos_imager/1_channel_rc_lvs.sym
/home/zexious/project/sloci2/xschem/cmos_imager/tb_pixel_real_rc_buffer_sh.sch
/home/zexious/project/sloci2/xschem/cmos_imager/photodiode_real_rc_20p.sch
/home/zexious/project/sloci2/xschem/cmos_imager/photodiode_real_rc_20p.sym
/home/zexious/project/sloci2/xschem/cmos_imager/1_channel_rc_lvs.sch
/home/zexious/project/sloci2/xschem/cmos_imager/photodiode_real_rc_10p.sch
/home/zexious/project/sloci2/xschem/cmos_imager/tb_diode_vi.sch
/home/zexious/project/sloci2/xschem/cmos_imager/photodiode_real_rc_4cap_lvs.sch
/home/zexious/project/sloci2/xschem/current_reference/tb_current_ref_tran_lvs.sch
/home/zexious/project/sloci2/xschem/current_reference/current_ref.sch
/home/zexious/project/sloci2/xschem/current_reference/tb_current_ref_pvt_lvs.sch
/home/zexious/project/sloci2/xschem/current_reference/current_ref.sym
/home/zexious/project/sloci2/xschem/ip_block/CLK.sch
/home/zexious/project/sloci2/xschem/ip_block/logic_gate/2_to_4_decoder.sym
/home/zexious/project/sloci2/xschem/ip_block/logic_gate/and.sym
/home/zexious/project/sloci2/xschem/ip_block/logic_gate/inv.sym
/home/zexious/project/sloci2/xschem/ip_block/logic_gate/nand.sch
/home/zexious/project/sloci2/xschem/ip_block/logic_gate/tb_2_to_4_decoder.sch
/home/zexious/project/sloci2/xschem/ip_block/logic_gate/or.sym
/home/zexious/project/sloci2/xschem/ip_block/logic_gate/or.sch
/home/zexious/project/sloci2/xschem/ip_block/logic_gate/tb_or.sch
/home/zexious/project/sloci2/xschem/ip_block/logic_gate/nand.sym
/home/zexious/project/sloci2/xschem/ip_block/logic_gate/tb_and.sch
/home/zexious/project/sloci2/xschem/ip_block/logic_gate/inv.sch
/home/zexious/project/sloci2/xschem/ip_block/logic_gate/2_to_4_decoder.sch
/home/zexious/project/sloci2/xschem/ip_block/logic_gate/and.sch
/home/zexious/project/sloci2/xschem/ip_block/opamp/miller_2stage/miller_2stage.sym
/home/zexious/project/sloci2/xschem/ip_block/opamp/miller_2stage/miller_2stage.sch
/home/zexious/project/sloci2/xschem/ip_block/opamp/miller_2stage/tb_miller_2stage.sch
/home/zexious/project/sloci2/xschem/ip_block/opamp/folded_cas_high_swing/bgr_amp.sch
/home/zexious/project/sloci2/xschem/ip_block/opamp/folded_cas_high_swing/bgr_amp_test.sch
/home/zexious/project/sloci2/xschem/ip_block/opamp/folded_cas_high_swing/bgr_top_test_stab.sch
/home/zexious/project/sloci2/xschem/ip_block/opamp/folded_cas_high_swing/bgr_amp_bak.sch
/home/zexious/project/sloci2/xschem/ip_block/opamp/folded_cas_high_swing/bgr_amp.sym
/home/zexious/project/sloci2/xschem/ip_block/opamp/folded_cas_high_swing/bgr_top_test_ac.sch
/home/zexious/project/sloci2/xschem/ip_block/opamp/folded_cas_high_swing/bgr_top_test_tran.sch
/home/zexious/project/sloci2/xschem/ip_block/opamp/folded_cas_high_swing/bgr_amp_test_tran.sch
/home/zexious/project/sloci2/xschem/misc/level_ctrl.sch
/home/zexious/project/sloci2/xschem/misc/single_mos_lvs/sky130_fd_pr__nfet_01v8_lvt_T7FZYG.ext
/home/zexious/project/sloci2/xschem/misc/single_mos_lvs/nfet_nf4_m2.ext
/home/zexious/project/sloci2/xschem/misc/single_mos_lvs/nfet_nf1_m8.sch
/home/zexious/project/sloci2/xschem/misc/single_mos_lvs/nfet_nf4_m2.sch
/home/zexious/project/sloci2/xschem/misc/single_mos_lvs/tutorial
/home/zexious/project/sloci2/xschem/misc/single_mos_lvs/compare_out
/home/zexious/project/sloci2/xschem/misc/testing/res_1p23k.sch
/home/zexious/project/sloci2/xschem/misc/testing/test_opamp_bode3.sch
/home/zexious/project/sloci2/xschem/misc/testing/test_opamp_fb_debug.sch
/home/zexious/project/sloci2/xschem/misc/testing/loop3.sch
/home/zexious/project/sloci2/xschem/misc/testing/loop2.sch
/home/zexious/project/sloci2/xschem/misc/testing/loop.sch
/home/zexious/project/sloci2/xschem/misc/testing/width.sch
/home/zexious/project/sloci2/xschem/misc/testing/res_current_ref_para.sch
/home/zexious/project/sloci2/xschem/misc/testing/cap.sch
/home/zexious/project/sloci2/xschem/misc/testing/res_slope_cancel.sch
/home/zexious/project/sloci2/xschem/misc/testing/buffer.sch
/home/zexious/project/sloci2/xschem/misc/testing/res.sch
/home/zexious/project/sloci2/xschem/misc/testing/res_current_ref.sch
/home/zexious/project/sloci2/xschem/misc/testing/res_xhigh.sch
/home/zexious/project/sloci2/xschem/lna/Zout.sch
/home/zexious/project/sloci2/xschem/lna/rc.sch
/home/zexious/project/sloci2/xschem/lna/15G_LNA_ac.sch
/home/zexious/project/sloci2/xschem/lna/Input.sch
/home/zexious/project/sloci2/xschem/lna/LNA5_with_output_buf_2.sch
/home/zexious/project/sloci2/xschem/lna/DC.sch
/home/zexious/project/sloci2/xschem/lna/Input_10G.sch
/home/zexious/project/sloci2/xschem/lna/Zout2.sch
/home/zexious/project/sloci2/xschem/lna/LNA5_with_output_buf_4_SP_zexi.sch
/home/zexious/project/sloci2/xschem/lna/LNA5_with_output_buf_2_tran.sch
/home/zexious/project/sloci2/xschem/lna/Zout3.sch
/home/zexious/project/sloci2/xschem/lna/rc2.sch
/home/zexious/project/sloci2/xschem/lna/15G_LNA.sch
/home/zexious/project/sloci2/xschem/lna/scratch.sch
/home/zexious/project/sloci2/xschem/vco/test_amp_3.sch
/home/zexious/project/sloci2/xschem/vco/xschemrc
/home/zexious/project/sloci2/xschem/vco/test_amp2.sch
/home/zexious/project/sloci2/xschem/vco/xschemrc.system
/home/zexious/project/sloci2/xschem/vco/cap_bank2.sym
/home/zexious/project/sloci2/xschem/vco/cap_bank2.sch
/home/zexious/project/sloci2/xschem/vco/oscillator_core.sym
/home/zexious/project/sloci2/xschem/vco/VCO-assembly.sch
/home/zexious/project/sloci2/xschem/vco/oscillator_core.sch
/home/zexious/project/sloci2/xml_results/30_DEC_2022___04_17_34/outputs/reports/magic_drc_check.drc.report
/home/zexious/project/sloci2/xml_results/30_DEC_2022___04_17_34/logs/klayout_pin_label_purposes_overlapping_drawing_check.total
/home/zexious/project/sloci2/xml_results/30_DEC_2022___04_17_34/logs/klayout_zeroarea_check.total
/home/zexious/project/sloci2/xml_results/30_DEC_2022___04_17_34/logs/klayout_offgrid_check.total
/home/zexious/project/sloci2/xml_results/30_DEC_2022___04_17_34/logs/klayout_feol_check.total
/home/zexious/project/sloci2/xml_results/30_DEC_2022___04_17_34/logs/magic_drc_check.total
/home/zexious/project/sloci2/xml_results/30_DEC_2022___04_17_34/logs/tools.info
/home/zexious/project/sloci2/xml_results/30_DEC_2022___04_17_34/logs/xor_check.total
/home/zexious/project/sloci2/xml_results/30_DEC_2022___04_17_34/logs/klayout_beol_check.total
/home/zexious/project/sloci2/xml_results/30_DEC_2022___04_17_34/logs/klayout_met_min_ca_density_check.total
/home/zexious/project/sloci2/xml_results/30_DEC_2022___04_17_34/logs/pdks.info
/home/zexious/project/sloci2/xml_results/30_DEC_2022___04_17_34/logs/gds.info
/home/zexious/project/sloci2/xml_results/30_DEC_2022___04_23_57/outputs/reports/magic_drc_check.drc.report
/home/zexious/project/sloci2/xml_results/30_DEC_2022___04_23_57/logs/klayout_pin_label_purposes_overlapping_drawing_check.total
/home/zexious/project/sloci2/xml_results/30_DEC_2022___04_23_57/logs/klayout_zeroarea_check.total
/home/zexious/project/sloci2/xml_results/30_DEC_2022___04_23_57/logs/klayout_offgrid_check.total
/home/zexious/project/sloci2/xml_results/30_DEC_2022___04_23_57/logs/klayout_feol_check.total
/home/zexious/project/sloci2/xml_results/30_DEC_2022___04_23_57/logs/magic_drc_check.total
/home/zexious/project/sloci2/xml_results/30_DEC_2022___04_23_57/logs/tools.info
/home/zexious/project/sloci2/xml_results/30_DEC_2022___04_23_57/logs/xor_check.total
/home/zexious/project/sloci2/xml_results/30_DEC_2022___04_23_57/logs/klayout_beol_check.total
/home/zexious/project/sloci2/xml_results/30_DEC_2022___04_23_57/logs/klayout_met_min_ca_density_check.total
/home/zexious/project/sloci2/xml_results/30_DEC_2022___04_23_57/logs/pdks.info
/home/zexious/project/sloci2/xml_results/30_DEC_2022___04_23_57/logs/gds.info
/home/zexious/project/sloci2/drc/sky130A.lyp
