Reading file /home/zexious/project/sloci2/gds/user_analog_project_wrapper.gds for cell user_analog_project_wrapper
dbu=0.001
cell user_analog_project_wrapper dbu-bbox(ll;ur)=(-4000,-4000;2924000,3524000)
cell user_analog_project_wrapper dbu-bbox(left,bottom,right,top)=(-4000,-4000,2924000,3524000)
cell user_analog_project_wrapper dbu-size(width,height)=(2928000,3528000)
cell user_analog_project_wrapper micron-bbox(left,bottom,right,top)=(-4.0,-4.0,2924.0,3524.0)
cell user_analog_project_wrapper micron-size(width,height)=(2928.0,3528.0)
Done.

Magic 8.3 revision 315 - Compiled on Tue Oct 11 20:27:25 UTC 2022.
Starting magic under Tcl interpreter
Using the terminal as the console.
Using NULL graphics device.
Processing system .magicrc file
Sourcing design .magicrc for technology sky130A ...
2 Magic internal units = 1 Lambda
Input style sky130(vendor): scaleFactor=2, multiplier=2
The following types are not handled by extraction and will be treated as non-electrical types:
    ubm 
Scaled tech values by 2 / 1 to match internal grid scaling
Loading sky130A Device Generator Menu ...
Loading "/home/zexious/mpw_precheck/checks/xor_check/erase_box.tcl" from command line.
CIF input style is now "sky130(vendor)"
Warning: Calma reading is not undoable!  I hope that's OK.
Library written using GDS-II Release 3.0
Library name: user_analog_project_wrapper
Reading "sky130_fd_pr__rf_test_coil2".
Error while reading cell "sky130_fd_pr__rf_test_coil2" (byte position 162): Unknown layer/datatype in boundary, layer=82 type=24
Error while reading cell "sky130_fd_pr__rf_test_coil2" (byte position 13110): NODE elements not supported: skipping.
Error while reading cell "sky130_fd_pr__rf_test_coil2" (byte position 13638): NODE elements not supported: skipping.
Error while reading cell "sky130_fd_pr__rf_test_coil2" (byte position 13734): NODE elements not supported: skipping.
Error while reading cell "sky130_fd_pr__rf_test_coil2" (byte position 13766): NODE elements not supported: skipping.
Error while reading cell "sky130_fd_pr__rf_test_coil2" (byte position 13926): NODE elements not supported: skipping.
Error while reading cell "sky130_fd_pr__rf_test_coil2" (byte position 14086): NODE elements not supported: skipping.
Error while reading cell "sky130_fd_pr__rf_test_coil2" (byte position 14182): NODE elements not supported: skipping.
Error while reading cell "sky130_fd_pr__rf_test_coil2" (byte position 14278): NODE elements not supported: skipping.
Error while reading cell "sky130_fd_pr__rf_test_coil2" (byte position 14374): NODE elements not supported: skipping.
CIF file read warning: CIF style sky130(vendor): units rescaled by factor of 5 / 1
Error while reading cell "sky130_fd_pr__rf_test_coil2" (byte position 17734): NODE elements not supported: skipping.
Error while reading cell "sky130_fd_pr__rf_test_coil2" (byte position 17910): NODE elements not supported: skipping.
Error while reading cell "sky130_fd_pr__rf_test_coil2" (byte position 18006): NODE elements not supported: skipping.
Error while reading cell "sky130_fd_pr__rf_test_coil2" (byte position 18166): NODE elements not supported: skipping.
Error while reading cell "sky130_fd_pr__rf_test_coil2" (byte position 18262): NODE elements not supported: skipping.
Error while reading cell "sky130_fd_pr__rf_test_coil2" (byte position 18294): NODE elements not supported: skipping.
Error while reading cell "sky130_fd_pr__rf_test_coil2" (byte position 18390): NODE elements not supported: skipping.
Error while reading cell "sky130_fd_pr__rf_test_coil2" (byte position 18550): NODE elements not supported: skipping.
Error while reading cell "sky130_fd_pr__rf_test_coil2" (byte position 18582): NODE elements not supported: skipping.
CIF file read warning: Input off lambda grid by 1/5; snapped to grid.
Reading "sky130_fd_pr__rf_test_coil1".
Error while reading cell "sky130_fd_pr__rf_test_coil1" (byte position 18690): Unknown layer/datatype in boundary, layer=82 type=24
Error while reading cell "sky130_fd_pr__rf_test_coil1" (byte position 22102): NODE elements not supported: skipping.
Error while reading cell "sky130_fd_pr__rf_test_coil1" (byte position 22134): NODE elements not supported: skipping.
Error while reading cell "sky130_fd_pr__rf_test_coil1" (byte position 22230): NODE elements not supported: skipping.
Error while reading cell "sky130_fd_pr__rf_test_coil1" (byte position 22262): NODE elements not supported: skipping.
Error while reading cell "sky130_fd_pr__rf_test_coil1" (byte position 22358): NODE elements not supported: skipping.
Error while reading cell "sky130_fd_pr__rf_test_coil1" (byte position 22390): NODE elements not supported: skipping.
Error while reading cell "sky130_fd_pr__rf_test_coil1" (byte position 22422): NODE elements not supported: skipping.
Error while reading cell "sky130_fd_pr__rf_test_coil1" (byte position 22518): NODE elements not supported: skipping.
Error while reading cell "sky130_fd_pr__rf_test_coil1" (byte position 22614): NODE elements not supported: skipping.
Error while reading cell "sky130_fd_pr__rf_test_coil1" (byte position 24838): NODE elements not supported: skipping.
Error while reading cell "sky130_fd_pr__rf_test_coil1" (byte position 24934): NODE elements not supported: skipping.
Error while reading cell "sky130_fd_pr__rf_test_coil1" (byte position 25030): NODE elements not supported: skipping.
Error while reading cell "sky130_fd_pr__rf_test_coil1" (byte position 25126): NODE elements not supported: skipping.
Error while reading cell "sky130_fd_pr__rf_test_coil1" (byte position 25222): NODE elements not supported: skipping.
Error while reading cell "sky130_fd_pr__rf_test_coil1" (byte position 25254): NODE elements not supported: skipping.
Error while reading cell "sky130_fd_pr__rf_test_coil1" (byte position 25286): NODE elements not supported: skipping.
Error while reading cell "sky130_fd_pr__rf_test_coil1" (byte position 25318): NODE elements not supported: skipping.
Error while reading cell "sky130_fd_pr__rf_test_coil1" (byte position 25350): NODE elements not supported: skipping.
Reading "inductor_differential".
Reading "sky130_fd_pr__nfet_01v8_EDB9KC".
Reading "inductor_4".
Reading "sky130_fd_pr__res_high_po_1p41_G3LFBQ".
Reading "sky130_fd_pr__res_high_po_1p41_EL7NMZ".
Reading "sky130_fd_pr__nfet_01v8_lvt_H8V8HY".
Reading "sky130_fd_pr__nfet_01v8_lvt_E2U6GT".
Reading "sky130_fd_pr__res_high_po_2p85_7J2RPB".
Reading "sky130_fd_pr__cap_mim_m3_1_EN3Q86".
Reading "sky130_fd_pr__nfet_01v8_lvt_7MFZYU".
Reading "XM_tail".
Reading "sky130_fd_pr__pfet_01v8_lvt_MBDTEX".
Reading "sky130_fd_pr__pfet_01v8_lvt_B64SAM".
Reading "XM_ppair".
Reading "sky130_fd_pr__nfet_01v8_lvt_E96B6C".
Reading "sky130_fd_pr__nfet_01v8_lvt_A5VCMN".
Reading "XM_diffpair".
Reading "sky130_fd_pr__pfet_01v8_lvt_D74VRS".
Reading "XM_cs".
Reading "sky130_fd_pr__nfet_01v8_lvt_USQY94".
Reading "XM_actload2".
Reading "opamp_realcomp3_usefinger".
Reading "sky130_fd_pr__nfet_01v8_lvt_64S6GM".
Reading "sky130_fd_pr__nfet_01v8_lvt_64DJ5N".
Reading "XM_output_mirr".
Reading "XM_output_mirr_combined".
Reading "XM_output_mirr_combined_with_dummy".
Reading "sky130_fd_pr__pfet_01v8_lvt_Q24T46".
Reading "sky130_fd_pr__pfet_01v8_lvt_MUVY4U".
Reading "XM_current_gate".
Reading "XM_current_gate_with_dummy".
Reading "sky130_fd_pr__res_xhigh_po_5p73_UZMRKM".
Reading "XM_Rref".
Reading "current_ref".
Reading "sky130_fd_pr__nfet_01v8_lvt_ZSX9YN".
Reading "sky130_fd_pr__nfet_01v8_lvt_XHV9AV".
Reading "sky130_fd_pr__cap_mim_m3_1_WXTTNJ".
Reading "sky130_fd_pr__pfet_01v8_TSNZVH".
Reading "sky130_fd_pr__nfet_01v8_Y5UG24".
Reading "inv".
Reading "sample_hold".
Reading "sky130_fd_pr__res_xhigh_po_5p73_AW8RAB".
Reading "sky130_fd_pr__nfet_01v8_lvt_Z6RSN3".
Reading "sky130_fd_pr__cap_mim_m3_1_LQXKLG".
Reading "rc_model_8cap".
Reading "sky130_fd_pr__cap_mim_m3_1_L46JLG".
Reading "rc_model_6cap".
Reading "rc_model_4cap".
Reading "sky130_fd_pr__pfet_01v8_lvt_BKT746".
Reading "cd_output".
Reading "sky130_fd_pr__nfet_01v8_lvt_M93XMJ".
Reading "sky130_fd_pr__nfet_01v8_lvt_J9QE6F".
Reading "cd_current".
Reading "sky130_fd_pr__pfet_01v8_lvt_QH9SH3".
Reading "bias".
Reading "sky130_fd_pr__pfet_01v8_LDYTSD".
Reading "sky130_fd_pr__nfet_01v8_lvt_WSE2Y6".
Reading "3T".
Reading "and".
Reading "2_to_4_decoder".
Reading "cmos_imager_rc_top".
Reading "sky130_fd_pr__nfet_01v8_lvt_WKNS5B".
Reading "sky130_fd_pr__nfet_01v8_lvt_YTLFGX#0".
Reading "oscillator_core".
Reading "sky130_fd_pr__nfet_01v8_lvt_LELFGX".
Reading "sky130_fd_pr__nfet_01v8_lvt_A33GGX".
Reading "sky130_fd_pr__nfet_01v8_lvt_YTLFGX".
Reading "sky130_fd_pr__nfet_01v8_lvt_9DHFGX".
Reading "sky130_fd_pr__nfet_01v8_lvt_B6HS5D".
Reading "sky130_fd_pr__nfet_01v8_lvt_HNLS5R".
Reading "sky130_fd_pr__nfet_01v8_lvt_DJ7QE5".
Reading "sky130_fd_pr__nfet_01v8_lvt_648S5X".
Reading "sky130_fd_pr__cap_mim_m3_1_A6B8BZ".
Reading "sky130_fd_pr__cap_mim_m3_1_CYFFME".
Reading "sky130_fd_pr__cap_mim_m3_1_MYMY8D".
Reading "sky130_fd_pr__cap_mim_m3_1_VCH7EQ".
Reading "sky130_fd_pr__cap_mim_m3_1_3ZFDVT".
Reading "cap_bank3".
Reading "sky130_fd_pr__nfet_01v8_lvt_J2SMEF".
Reading "sky130_fd_pr__pfet_01v8_lvt_SUM7J6".
Reading "sky130_fd_pr__pfet_01v8_lvt_4Q3NH3".
Reading "VCO-assembly".
Reading "user_analog_project_wrapper".
Root cell box:
           width x height  (   llx,  lly  ), (   urx,  ury  )  area (units^2)

microns:  42.880 x 3520.000  (-42.880,  0.000), ( 0.000,  3520.000)  150937.594
lambda:   4288.00 x 352000.00  (-4288.00,  0.00 ), (  0.00,  352000.00)  1509376000.00
internal:   8576 x 704000  ( -8576,  0    ), (     0,  704000)  6037504000
Root cell box:
           width x height  (   llx,  lly  ), (   urx,  ury  )  area (units^2)

microns:  42.500 x 3520.000  ( 2920.000,  0.000), ( 2962.500,  3520.000)  149600.000
lambda:   4250.00 x 352000.00  ( 292000.00,  0.00 ), ( 296250.00,  352000.00)  1496000000.00
internal:   8500 x 704000  ( 584000,  0    ), ( 592500,  704000)  5984000000
Root cell box:
           width x height  (   llx,  lly  ), (   urx,  ury  )  area (units^2)

microns:  3005.380 x 37.530  (-42.880, -37.530), ( 2962.500,  0.000)  112791.906
lambda:   300538.00 x 3753.00  (-4288.00, -3753.00), ( 296250.00,  0.00 )  1127919104.00
internal: 601076 x 7506    ( -8576, -7506 ), ( 592500,  0    )  4511676456
Root cell box:
           width x height  (   llx,  lly  ), (   urx,  ury  )  area (units^2)

microns:  3005.380 x 37.210  (-42.880,  3520.000), ( 2962.500,  3557.210)  111830.188
lambda:   300538.00 x 3721.00  (-4288.00,  352000.00), ( 296250.00,  355721.00)  1118301952.00
internal: 601076 x 7442    ( -8576,  704000), ( 592500,  711442)  4473207592
   Generating output for cell xor_target

Magic 8.3 revision 315 - Compiled on Tue Oct 11 20:27:25 UTC 2022.
Starting magic under Tcl interpreter
Using the terminal as the console.
Using NULL graphics device.
Processing system .magicrc file
Sourcing design .magicrc for technology sky130A ...
2 Magic internal units = 1 Lambda
Input style sky130(vendor): scaleFactor=2, multiplier=2
The following types are not handled by extraction and will be treated as non-electrical types:
    ubm 
Scaled tech values by 2 / 1 to match internal grid scaling
Loading sky130A Device Generator Menu ...
Loading "/home/zexious/mpw_precheck/checks/xor_check/erase_box.tcl" from command line.
CIF input style is now "sky130(vendor)"
Warning: Calma reading is not undoable!  I hope that's OK.
Library written using GDS-II Release 6.0
Library name: user_analog_project_wrapper_empty
Reading "user_analog_project_wrapper".
Root cell box:
           width x height  (   llx,  lly  ), (   urx,  ury  )  area (units^2)

microns:  42.880 x 3520.000  (-42.880,  0.000), ( 0.000,  3520.000)  150937.594
lambda:   4288.00 x 352000.00  (-4288.00,  0.00 ), (  0.00,  352000.00)  1509376000.00
internal:   8576 x 704000  ( -8576,  0    ), (     0,  704000)  6037504000
Root cell box:
           width x height  (   llx,  lly  ), (   urx,  ury  )  area (units^2)

microns:  42.500 x 3520.000  ( 2920.000,  0.000), ( 2962.500,  3520.000)  149600.000
lambda:   4250.00 x 352000.00  ( 292000.00,  0.00 ), ( 296250.00,  352000.00)  1496000000.00
internal:   8500 x 704000  ( 584000,  0    ), ( 592500,  704000)  5984000000
Root cell box:
           width x height  (   llx,  lly  ), (   urx,  ury  )  area (units^2)

microns:  3005.380 x 37.530  (-42.880, -37.530), ( 2962.500,  0.000)  112791.906
lambda:   300538.00 x 3753.00  (-4288.00, -3753.00), ( 296250.00,  0.00 )  1127919104.00
internal: 601076 x 7506    ( -8576, -7506 ), ( 592500,  0    )  4511676456
Root cell box:
           width x height  (   llx,  lly  ), (   urx,  ury  )  area (units^2)

microns:  3005.380 x 37.210  (-42.880,  3520.000), ( 2962.500,  3557.210)  111830.188
lambda:   300538.00 x 3721.00  (-4288.00,  352000.00), ( 296250.00,  355721.00)  1118301952.00
internal: 601076 x 7442    ( -8576,  704000), ( 592500,  711442)  4473207592
   Generating output for cell xor_target
Reading /home/zexious/project/sloci2/precheck_results/31_DEC_2022___14_28_15/outputs/user_analog_project_wrapper_erased.gds ..
Reading /home/zexious/project/sloci2/precheck_results/31_DEC_2022___14_28_15/outputs/user_analog_project_wrapper_empty_erased.gds ..
--- Running XOR for 69/20 ---
"input" in: xor.rb.drc:39
    Polygons (raw): 494 (flat)  494 (hierarchical)
    Elapsed: 0.000s  Memory: 521.00M
"input" in: xor.rb.drc:39
    Polygons (raw): 494 (flat)  494 (hierarchical)
    Elapsed: 0.010s  Memory: 521.00M
"^" in: xor.rb.drc:39
    Polygons (raw): 0 (flat)  0 (hierarchical)
    Elapsed: 0.000s  Memory: 521.00M
XOR differences: 0
"output" in: xor.rb.drc:43
    Polygons (raw): 0 (flat)  0 (hierarchical)
    Elapsed: 0.010s  Memory: 521.00M
--- Running XOR for 70/20 ---
"input" in: xor.rb.drc:39
    Polygons (raw): 184 (flat)  184 (hierarchical)
    Elapsed: 0.000s  Memory: 521.00M
"input" in: xor.rb.drc:39
    Polygons (raw): 184 (flat)  184 (hierarchical)
    Elapsed: 0.010s  Memory: 521.00M
"^" in: xor.rb.drc:39
    Polygons (raw): 0 (flat)  0 (hierarchical)
    Elapsed: 0.000s  Memory: 521.00M
XOR differences: 0
"output" in: xor.rb.drc:43
    Polygons (raw): 0 (flat)  0 (hierarchical)
    Elapsed: 0.010s  Memory: 521.00M
--- Running XOR for 72/20 ---
"input" in: xor.rb.drc:39
    Polygons (raw): 6 (flat)  6 (hierarchical)
    Elapsed: 0.000s  Memory: 521.00M
"input" in: xor.rb.drc:39
    Polygons (raw): 6 (flat)  6 (hierarchical)
    Elapsed: 0.010s  Memory: 521.00M
"^" in: xor.rb.drc:39
    Polygons (raw): 0 (flat)  0 (hierarchical)
    Elapsed: 0.000s  Memory: 521.00M
XOR differences: 0
"output" in: xor.rb.drc:43
    Polygons (raw): 0 (flat)  0 (hierarchical)
    Elapsed: 0.000s  Memory: 521.00M
--- Running XOR for 81/14 ---
"input" in: xor.rb.drc:39
    Polygons (raw): 1 (flat)  1 (hierarchical)
    Elapsed: 0.010s  Memory: 521.00M
"input" in: xor.rb.drc:39
    Polygons (raw): 1 (flat)  1 (hierarchical)
    Elapsed: 0.000s  Memory: 521.00M
"^" in: xor.rb.drc:39
    Polygons (raw): 0 (flat)  0 (hierarchical)
    Elapsed: 0.010s  Memory: 521.00M
XOR differences: 0
"output" in: xor.rb.drc:43
    Polygons (raw): 0 (flat)  0 (hierarchical)
    Elapsed: 0.000s  Memory: 521.00M
Writing layout file: /home/zexious/project/sloci2/precheck_results/31_DEC_2022___14_28_15/outputs/user_analog_project_wrapper.xor.gds ..
Total elapsed: 0.080s  Memory: 521.00M
