"polygons" in: met_min_ca_density.lydrc:35
    Polygons (raw): 1613 (flat)  697 (hierarchical)
    Elapsed: 0.010s  Memory: 523.00M
"polygons" in: met_min_ca_density.lydrc:36
    Polygons (raw): 13854 (flat)  6816 (hierarchical)
    Elapsed: 0.010s  Memory: 523.00M
"polygons" in: met_min_ca_density.lydrc:38
    Polygons (raw): 2497 (flat)  1463 (hierarchical)
    Elapsed: 0.010s  Memory: 523.00M
"polygons" in: met_min_ca_density.lydrc:39
    Polygons (raw): 1125 (flat)  793 (hierarchical)
    Elapsed: 0.000s  Memory: 523.00M
"polygons" in: met_min_ca_density.lydrc:41
    Polygons (raw): 1358 (flat)  1292 (hierarchical)
    Elapsed: 0.010s  Memory: 523.00M
"polygons" in: met_min_ca_density.lydrc:42
    Polygons (raw): 686 (flat)  686 (hierarchical)
    Elapsed: 0.010s  Memory: 523.00M
"polygons" in: met_min_ca_density.lydrc:44
    Polygons (raw): 545 (flat)  533 (hierarchical)
    Elapsed: 0.000s  Memory: 523.00M
"polygons" in: met_min_ca_density.lydrc:45
    Polygons (raw): 104682 (flat)  38046 (hierarchical)
    Elapsed: 0.020s  Memory: 524.00M
"polygons" in: met_min_ca_density.lydrc:47
    Polygons (raw): 155 (flat)  101 (hierarchical)
    Elapsed: 0.010s  Memory: 524.00M
"polygons" in: met_min_ca_density.lydrc:48
    Polygons (raw): 0 (flat)  0 (hierarchical)
    Elapsed: 0.010s  Memory: 524.00M
"polygons" in: met_min_ca_density.lydrc:49
    Polygons (raw): 16 (flat)  16 (hierarchical)
    Elapsed: 0.000s  Memory: 524.00M
"polygons" in: met_min_ca_density.lydrc:51
    Polygons (raw): 48 (flat)  48 (hierarchical)
    Elapsed: 0.010s  Memory: 524.00M
"input" in: met_min_ca_density.lydrc:53
    Polygons (raw): 117 (flat)  23 (hierarchical)
    Elapsed: 0.010s  Memory: 524.00M
"area" in: met_min_ca_density.lydrc:55
    Elapsed: 0.000s  Memory: 524.00M
"polygons" in: met_min_ca_density.lydrc:59
    Polygons (raw): 1613 (flat)  697 (hierarchical)
    Elapsed: 0.010s  Memory: 524.00M
"area" in: met_min_ca_density.lydrc:59
    Elapsed: 0.010s  Memory: 524.00M
li1_ca_density is 0.9998079337567131
"polygons" in: met_min_ca_density.lydrc:69
    Polygons (raw): 2497 (flat)  1463 (hierarchical)
    Elapsed: 0.010s  Memory: 524.00M
"area" in: met_min_ca_density.lydrc:69
    Elapsed: 0.020s  Memory: 524.00M
m1_ca_density is 0.9998174943327756
"polygons" in: met_min_ca_density.lydrc:79
    Polygons (raw): 1358 (flat)  1292 (hierarchical)
    Elapsed: 0.000s  Memory: 524.00M
"area" in: met_min_ca_density.lydrc:79
    Elapsed: 0.020s  Memory: 524.00M
m2_ca_density is 0.9996421764914772
"polygons" in: met_min_ca_density.lydrc:89
    Polygons (raw): 545 (flat)  533 (hierarchical)
    Elapsed: 0.000s  Memory: 524.00M
"area" in: met_min_ca_density.lydrc:89
    Elapsed: 0.000s  Memory: 524.00M
m3_ca_density is 0.9969378863563395
"polygons" in: met_min_ca_density.lydrc:99
    Polygons (raw): 155 (flat)  101 (hierarchical)
    Elapsed: 0.010s  Memory: 524.00M
"area" in: met_min_ca_density.lydrc:99
    Elapsed: 0.010s  Memory: 524.00M
m4_ca_density is 0.9977831674506733
"polygons" in: met_min_ca_density.lydrc:109
    Polygons (raw): 48 (flat)  48 (hierarchical)
    Elapsed: 0.010s  Memory: 524.00M
"area" in: met_min_ca_density.lydrc:109
    Elapsed: 0.000s  Memory: 524.00M
m5_ca_density is 0.9996515729685554
Writing report database: /home/zexious/project/sloci2/precheck_results/30_DEC_2022___04_23_57/outputs/reports/klayout_met_min_ca_density_check.xml ..
Total elapsed: 0.230s  Memory: 523.00M
