/home/zexious/mpw_precheck/checks/tech-files/sky130A_mr.drc:50: warning: already initialized constant DRC::DRCEngine::FEOL
/home/zexious/mpw_precheck/checks/tech-files/sky130A_mr.drc:40: warning: previous definition of FEOL was here
/home/zexious/mpw_precheck/checks/tech-files/sky130A_mr.drc:54: warning: already initialized constant DRC::DRCEngine::BEOL
/home/zexious/mpw_precheck/checks/tech-files/sky130A_mr.drc:41: warning: previous definition of BEOL was here
/home/zexious/mpw_precheck/checks/tech-files/sky130A_mr.drc:62: warning: already initialized constant DRC::DRCEngine::OFFGRID
/home/zexious/mpw_precheck/checks/tech-files/sky130A_mr.drc:42: warning: previous definition of OFFGRID was here
/home/zexious/mpw_precheck/checks/tech-files/sky130A_mr.drc:68: warning: already initialized constant DRC::DRCEngine::SEAL
/home/zexious/mpw_precheck/checks/tech-files/sky130A_mr.drc:43: warning: previous definition of SEAL was here
/home/zexious/mpw_precheck/checks/tech-files/sky130A_mr.drc:74: warning: already initialized constant DRC::DRCEngine::FLOATING_MET
/home/zexious/mpw_precheck/checks/tech-files/sky130A_mr.drc:44: warning: previous definition of FLOATING_MET was here
"input" in: sky130A_mr.drc:124
    Polygons (raw): 92 (flat)  29 (hierarchical)
    Elapsed: 0.000s  Memory: 525.00M
"polygons" in: sky130A_mr.drc:125
    Polygons (raw): 338 (flat)  78 (hierarchical)
    Elapsed: 0.000s  Memory: 525.00M
"polygons" in: sky130A_mr.drc:126
    Polygons (raw): 24 (flat)  8 (hierarchical)
    Elapsed: 0.020s  Memory: 525.00M
"polygons" in: sky130A_mr.drc:127
    Polygons (raw): 0 (flat)  0 (hierarchical)
    Elapsed: 0.000s  Memory: 525.00M
"polygons" in: sky130A_mr.drc:128
    Polygons (raw): 0 (flat)  0 (hierarchical)
    Elapsed: 0.000s  Memory: 525.00M
"polygons" in: sky130A_mr.drc:129
    Polygons (raw): 0 (flat)  0 (hierarchical)
    Elapsed: 0.020s  Memory: 525.00M
"polygons" in: sky130A_mr.drc:130
    Polygons (raw): 0 (flat)  0 (hierarchical)
    Elapsed: 0.000s  Memory: 525.00M
"polygons" in: sky130A_mr.drc:131
    Polygons (raw): 0 (flat)  0 (hierarchical)
    Elapsed: 0.010s  Memory: 525.00M
"polygons" in: sky130A_mr.drc:132
    Polygons (raw): 0 (flat)  0 (hierarchical)
    Elapsed: 0.010s  Memory: 525.00M
"polygons" in: sky130A_mr.drc:133
    Polygons (raw): 0 (flat)  0 (hierarchical)
    Elapsed: 0.000s  Memory: 525.00M
"polygons" in: sky130A_mr.drc:134
    Polygons (raw): 0 (flat)  0 (hierarchical)
    Elapsed: 0.010s  Memory: 525.00M
"polygons" in: sky130A_mr.drc:135
    Polygons (raw): 0 (flat)  0 (hierarchical)
    Elapsed: 0.010s  Memory: 525.00M
"polygons" in: sky130A_mr.drc:136
    Polygons (raw): 59 (flat)  26 (hierarchical)
    Elapsed: 0.000s  Memory: 525.00M
"polygons" in: sky130A_mr.drc:137
    Polygons (raw): 320 (flat)  211 (hierarchical)
    Elapsed: 0.010s  Memory: 525.00M
"polygons" in: sky130A_mr.drc:138
    Polygons (raw): 0 (flat)  0 (hierarchical)
    Elapsed: 0.000s  Memory: 525.00M
"polygons" in: sky130A_mr.drc:139
    Polygons (raw): 156 (flat)  45 (hierarchical)
    Elapsed: 0.010s  Memory: 525.00M
"polygons" in: sky130A_mr.drc:140
    Polygons (raw): 263 (flat)  57 (hierarchical)
    Elapsed: 0.010s  Memory: 525.00M
"polygons" in: sky130A_mr.drc:141
    Polygons (raw): 1 (flat)  1 (hierarchical)
    Elapsed: 0.000s  Memory: 525.00M
"polygons" in: sky130A_mr.drc:142
    Polygons (raw): 3 (flat)  1 (hierarchical)
    Elapsed: 0.010s  Memory: 525.00M
"polygons" in: sky130A_mr.drc:143
    Polygons (raw): 343 (flat)  224 (hierarchical)
    Elapsed: 0.010s  Memory: 525.00M
"polygons" in: sky130A_mr.drc:144
    Polygons (raw): 9565 (flat)  6182 (hierarchical)
    Elapsed: 0.000s  Memory: 525.00M
"polygons" in: sky130A_mr.drc:146
    Polygons (raw): 1203 (flat)  621 (hierarchical)
    Elapsed: 0.010s  Memory: 525.00M
"polygons" in: sky130A_mr.drc:147
    Polygons (raw): 13161 (flat)  6728 (hierarchical)
    Elapsed: 0.010s  Memory: 525.00M
"polygons" in: sky130A_mr.drc:149
    Polygons (raw): 1735 (flat)  1331 (hierarchical)
    Elapsed: 0.010s  Memory: 525.00M
"polygons" in: sky130A_mr.drc:150
    Polygons (raw): 791 (flat)  758 (hierarchical)
    Elapsed: 0.000s  Memory: 525.00M
"polygons" in: sky130A_mr.drc:152
    Polygons (raw): 717 (flat)  705 (hierarchical)
    Elapsed: 0.010s  Memory: 525.00M
"polygons" in: sky130A_mr.drc:153
    Polygons (raw): 458 (flat)  458 (hierarchical)
    Elapsed: 0.000s  Memory: 525.00M
"polygons" in: sky130A_mr.drc:155
    Polygons (raw): 311 (flat)  299 (hierarchical)
    Elapsed: 0.000s  Memory: 525.00M
"polygons" in: sky130A_mr.drc:156
    Polygons (raw): 104658 (flat)  38022 (hierarchical)
    Elapsed: 0.020s  Memory: 526.00M
"polygons" in: sky130A_mr.drc:158
    Polygons (raw): 140 (flat)  86 (hierarchical)
    Elapsed: 0.010s  Memory: 526.00M
"polygons" in: sky130A_mr.drc:159
    Polygons (raw): 14 (flat)  14 (hierarchical)
    Elapsed: 0.000s  Memory: 526.00M
"polygons" in: sky130A_mr.drc:161
    Polygons (raw): 8 (flat)  8 (hierarchical)
    Elapsed: 0.000s  Memory: 526.00M
"polygons" in: sky130A_mr.drc:163
    Polygons (raw): 0 (flat)  0 (hierarchical)
    Elapsed: 0.010s  Memory: 526.00M
"polygons" in: sky130A_mr.drc:164
    Polygons (raw): 0 (flat)  0 (hierarchical)
    Elapsed: 0.000s  Memory: 526.00M
"polygons" in: sky130A_mr.drc:165
    Polygons (raw): 20 (flat)  8 (hierarchical)
    Elapsed: 0.010s  Memory: 526.00M
"polygons" in: sky130A_mr.drc:166
    Polygons (raw): 0 (flat)  0 (hierarchical)
    Elapsed: 0.000s  Memory: 526.00M
"polygons" in: sky130A_mr.drc:167
    Polygons (raw): 0 (flat)  0 (hierarchical)
    Elapsed: 0.000s  Memory: 526.00M
"polygons" in: sky130A_mr.drc:168
    Polygons (raw): 0 (flat)  0 (hierarchical)
    Elapsed: 0.010s  Memory: 526.00M
"polygons" in: sky130A_mr.drc:169
    Polygons (raw): 0 (flat)  0 (hierarchical)
    Elapsed: 0.000s  Memory: 526.00M
"polygons" in: sky130A_mr.drc:170
    Polygons (raw): 0 (flat)  0 (hierarchical)
    Elapsed: 0.010s  Memory: 526.00M
"polygons" in: sky130A_mr.drc:171
    Polygons (raw): 0 (flat)  0 (hierarchical)
    Elapsed: 0.010s  Memory: 526.00M
"polygons" in: sky130A_mr.drc:172
    Polygons (raw): 0 (flat)  0 (hierarchical)
    Elapsed: 0.000s  Memory: 526.00M
"polygons" in: sky130A_mr.drc:173
    Polygons (raw): 0 (flat)  0 (hierarchical)
    Elapsed: 0.010s  Memory: 526.00M
"polygons" in: sky130A_mr.drc:174
    Polygons (raw): 0 (flat)  0 (hierarchical)
    Elapsed: 0.010s  Memory: 526.00M
"polygons" in: sky130A_mr.drc:175
    Polygons (raw): 0 (flat)  0 (hierarchical)
    Elapsed: 0.000s  Memory: 526.00M
"polygons" in: sky130A_mr.drc:176
    Polygons (raw): 0 (flat)  0 (hierarchical)
    Elapsed: 0.010s  Memory: 526.00M
"polygons" in: sky130A_mr.drc:177
    Polygons (raw): 0 (flat)  0 (hierarchical)
    Elapsed: 0.010s  Memory: 526.00M
"polygons" in: sky130A_mr.drc:178
    Polygons (raw): 0 (flat)  0 (hierarchical)
    Elapsed: 0.000s  Memory: 526.00M
"polygons" in: sky130A_mr.drc:179
    Polygons (raw): 0 (flat)  0 (hierarchical)
    Elapsed: 0.010s  Memory: 526.00M
"polygons" in: sky130A_mr.drc:180
    Polygons (raw): 0 (flat)  0 (hierarchical)
    Elapsed: 0.010s  Memory: 526.00M
"polygons" in: sky130A_mr.drc:181
    Polygons (raw): 0 (flat)  0 (hierarchical)
    Elapsed: 0.000s  Memory: 526.00M
"polygons" in: sky130A_mr.drc:182
    Polygons (raw): 0 (flat)  0 (hierarchical)
    Elapsed: 0.010s  Memory: 526.00M
"polygons" in: sky130A_mr.drc:183
    Polygons (raw): 0 (flat)  0 (hierarchical)
    Elapsed: 0.010s  Memory: 526.00M
"polygons" in: sky130A_mr.drc:184
    Polygons (raw): 0 (flat)  0 (hierarchical)
    Elapsed: 0.000s  Memory: 526.00M
"polygons" in: sky130A_mr.drc:185
    Polygons (raw): 0 (flat)  0 (hierarchical)
    Elapsed: 0.010s  Memory: 526.00M
"polygons" in: sky130A_mr.drc:186
    Polygons (raw): 0 (flat)  0 (hierarchical)
    Elapsed: 0.000s  Memory: 526.00M
"polygons" in: sky130A_mr.drc:187
    Polygons (raw): 0 (flat)  0 (hierarchical)
    Elapsed: 0.000s  Memory: 526.00M
"polygons" in: sky130A_mr.drc:188
    Polygons (raw): 1 (flat)  1 (hierarchical)
    Elapsed: 0.010s  Memory: 526.00M
"polygons" in: sky130A_mr.drc:189
    Polygons (raw): 0 (flat)  0 (hierarchical)
    Elapsed: 0.000s  Memory: 526.00M
"polygons" in: sky130A_mr.drc:190
    Polygons (raw): 0 (flat)  0 (hierarchical)
    Elapsed: 0.010s  Memory: 526.00M
"polygons" in: sky130A_mr.drc:191
    Polygons (raw): 0 (flat)  0 (hierarchical)
    Elapsed: 0.010s  Memory: 526.00M
"polygons" in: sky130A_mr.drc:192
    Polygons (raw): 0 (flat)  0 (hierarchical)
    Elapsed: 0.010s  Memory: 526.00M
"polygons" in: sky130A_mr.drc:193
    Polygons (raw): 0 (flat)  0 (hierarchical)
    Elapsed: 0.000s  Memory: 526.00M
"polygons" in: sky130A_mr.drc:194
    Polygons (raw): 0 (flat)  0 (hierarchical)
    Elapsed: 0.000s  Memory: 526.00M
"polygons" in: sky130A_mr.drc:195
    Polygons (raw): 0 (flat)  0 (hierarchical)
    Elapsed: 0.020s  Memory: 526.00M
"polygons" in: sky130A_mr.drc:196
    Polygons (raw): 0 (flat)  0 (hierarchical)
    Elapsed: 0.000s  Memory: 526.00M
"polygons" in: sky130A_mr.drc:197
    Polygons (raw): 0 (flat)  0 (hierarchical)
    Elapsed: 0.010s  Memory: 526.00M
"polygons" in: sky130A_mr.drc:198
    Polygons (raw): 0 (flat)  0 (hierarchical)
    Elapsed: 0.000s  Memory: 526.00M
"polygons" in: sky130A_mr.drc:199
    Polygons (raw): 0 (flat)  0 (hierarchical)
    Elapsed: 0.020s  Memory: 526.00M
"polygons" in: sky130A_mr.drc:200
    Polygons (raw): 0 (flat)  0 (hierarchical)
    Elapsed: 0.000s  Memory: 526.00M
"polygons" in: sky130A_mr.drc:201
    Polygons (raw): 0 (flat)  0 (hierarchical)
    Elapsed: 0.000s  Memory: 526.00M
"polygons" in: sky130A_mr.drc:202
    Polygons (raw): 0 (flat)  0 (hierarchical)
    Elapsed: 0.010s  Memory: 526.00M
"polygons" in: sky130A_mr.drc:203
    Polygons (raw): 0 (flat)  0 (hierarchical)
    Elapsed: 0.000s  Memory: 526.00M
"polygons" in: sky130A_mr.drc:204
    Polygons (raw): 0 (flat)  0 (hierarchical)
    Elapsed: 0.010s  Memory: 526.00M
"polygons" in: sky130A_mr.drc:205
    Polygons (raw): 0 (flat)  0 (hierarchical)
    Elapsed: 0.010s  Memory: 526.00M
"polygons" in: sky130A_mr.drc:206
    Polygons (raw): 0 (flat)  0 (hierarchical)
    Elapsed: 0.010s  Memory: 526.00M
"polygons" in: sky130A_mr.drc:207
    Polygons (raw): 0 (flat)  0 (hierarchical)
    Elapsed: 0.000s  Memory: 526.00M
"polygons" in: sky130A_mr.drc:208
    Polygons (raw): 0 (flat)  0 (hierarchical)
    Elapsed: 0.020s  Memory: 526.00M
"polygons" in: sky130A_mr.drc:209
    Polygons (raw): 0 (flat)  0 (hierarchical)
    Elapsed: 0.000s  Memory: 526.00M
"polygons" in: sky130A_mr.drc:210
    Polygons (raw): 0 (flat)  0 (hierarchical)
    Elapsed: 0.000s  Memory: 526.00M
"polygons" in: sky130A_mr.drc:211
    Polygons (raw): 40 (flat)  14 (hierarchical)
    Elapsed: 0.010s  Memory: 526.00M
"polygons" in: sky130A_mr.drc:212
    Polygons (raw): 0 (flat)  0 (hierarchical)
    Elapsed: 0.010s  Memory: 526.00M
"polygons" in: sky130A_mr.drc:213
    Polygons (raw): 0 (flat)  0 (hierarchical)
    Elapsed: 0.010s  Memory: 526.00M
"polygons" in: sky130A_mr.drc:214
    Polygons (raw): 0 (flat)  0 (hierarchical)
    Elapsed: 0.000s  Memory: 526.00M
"polygons" in: sky130A_mr.drc:215
    Polygons (raw): 0 (flat)  0 (hierarchical)
    Elapsed: 0.010s  Memory: 526.00M
DRC section
BEOL section
START: 67/20 (li)
"interacting" in: sky130A_mr.drc:397
    Polygons (raw): 0 (flat)  0 (hierarchical)
    Elapsed: 0.030s  Memory: 1078.00M
"not" in: sky130A_mr.drc:397
    Polygons (raw): 1203 (flat)  621 (hierarchical)
    Elapsed: 0.010s  Memory: 1070.00M
"width" in: sky130A_mr.drc:398
    Edge pairs: 0 (flat)  0 (hierarchical)
    Elapsed: 0.010s  Memory: 1070.00M
"output" in: sky130A_mr.drc:398
    Edge pairs: 0 (flat)  0 (hierarchical)
    Elapsed: 0.000s  Memory: 1070.00M
"edges" in: sky130A_mr.drc:400
    Edges: 4154 (flat)  2477 (hierarchical)
    Elapsed: 0.020s  Memory: 1070.00M
"space" in: sky130A_mr.drc:400
    Edge pairs: 0 (flat)  0 (hierarchical)
    Elapsed: 0.020s  Memory: 1080.00M
"output" in: sky130A_mr.drc:400
    Edge pairs: 0 (flat)  0 (hierarchical)
    Elapsed: 0.010s  Memory: 1072.00M
"not" in: sky130A_mr.drc:401
    Polygons (raw): 9565 (flat)  6182 (hierarchical)
    Elapsed: 0.010s  Memory: 1072.00M
"enclosing" in: sky130A_mr.drc:402
    Edge pairs: 17311 (flat)  14743 (hierarchical)
    Elapsed: 0.300s  Memory: 1072.00M
"second_edges" in: sky130A_mr.drc:402
    Edges: 17311 (flat)  14743 (hierarchical)
    Elapsed: 0.010s  Memory: 1072.00M
"width" in: sky130A_mr.drc:403
    Edge pairs: 0 (flat)  0 (hierarchical)
    Elapsed: 0.060s  Memory: 1087.00M
"polygons" in: sky130A_mr.drc:404
    Polygons (raw): 0 (flat)  0 (hierarchical)
    Elapsed: 0.010s  Memory: 1079.00M
"interacting" in: sky130A_mr.drc:404
    Polygons (raw): 0 (flat)  0 (hierarchical)
    Elapsed: 0.040s  Memory: 1087.00M
"output" in: sky130A_mr.drc:405
    Polygons (raw): 0 (flat)  0 (hierarchical)
    Elapsed: 0.010s  Memory: 1079.00M
"with_area" in: sky130A_mr.drc:406
    Polygons (raw): 0 (flat)  0 (hierarchical)
    Elapsed: 0.010s  Memory: 1079.00M
"output" in: sky130A_mr.drc:406
    Polygons (raw): 0 (flat)  0 (hierarchical)
    Elapsed: 0.000s  Memory: 1079.00M
END: 67/20 (li)
START: 67/44 (mcon)
"not" in: sky130A_mr.drc:411
    Polygons (raw): 13161 (flat)  6728 (hierarchical)
    Elapsed: 0.010s  Memory: 1079.00M
"not" in: sky130A_mr.drc:418
    Polygons (raw): 13161 (flat)  6728 (hierarchical)
    Elapsed: 0.010s  Memory: 1079.00M
"non_rectangles" in: sky130A_mr.drc:419
    Polygons (raw): 0 (flat)  0 (hierarchical)
    Elapsed: 0.040s  Memory: 1079.00M
"output" in: sky130A_mr.drc:419
    Polygons (raw): 0 (flat)  0 (hierarchical)
    Elapsed: 0.010s  Memory: 1079.00M
"drc" in: sky130A_mr.drc:421
    Edge pairs: 0 (flat)  0 (hierarchical)
    Elapsed: 0.060s  Memory: 1079.00M
"output" in: sky130A_mr.drc:421
    Edge pairs: 0 (flat)  0 (hierarchical)
    Elapsed: 0.000s  Memory: 1079.00M
"drc" in: sky130A_mr.drc:422
    Edges: 0 (flat)  0 (hierarchical)
    Elapsed: 0.030s  Memory: 1087.00M
"output" in: sky130A_mr.drc:422
    Edges: 0 (flat)  0 (hierarchical)
    Elapsed: 0.000s  Memory: 1079.00M
"space" in: sky130A_mr.drc:423
    Edge pairs: 0 (flat)  0 (hierarchical)
    Elapsed: 0.040s  Memory: 1079.00M
"output" in: sky130A_mr.drc:423
    Edge pairs: 0 (flat)  0 (hierarchical)
    Elapsed: 0.000s  Memory: 1079.00M
"not" in: sky130A_mr.drc:429
    Polygons (raw): 0 (flat)  0 (hierarchical)
    Elapsed: 0.040s  Memory: 1079.00M
"output" in: sky130A_mr.drc:429
    Polygons (raw): 0 (flat)  0 (hierarchical)
    Elapsed: 0.010s  Memory: 1079.00M
END: 67/44 (mcon)
START: 68/20 (m1)
"width" in: sky130A_mr.drc:434
    Edge pairs: 0 (flat)  0 (hierarchical)
    Elapsed: 0.010s  Memory: 1079.00M
"output" in: sky130A_mr.drc:434
    Edge pairs: 0 (flat)  0 (hierarchical)
    Elapsed: 0.010s  Memory: 1079.00M
"sized" in: sky130A_mr.drc:435
    Polygons (raw): 0 (flat)  0 (hierarchical)
    Elapsed: 0.010s  Memory: 1079.00M
"sized" in: sky130A_mr.drc:435
    Polygons (raw): 0 (flat)  0 (hierarchical)
    Elapsed: 0.010s  Memory: 1079.00M
"snap" in: sky130A_mr.drc:435
    Polygons (raw): 0 (flat)  0 (hierarchical)
    Elapsed: 0.010s  Memory: 1079.00M
"&" in: sky130A_mr.drc:435
    Polygons (raw): 0 (flat)  0 (hierarchical)
    Elapsed: 0.000s  Memory: 1079.00M
"edges" in: sky130A_mr.drc:436
    Edges: 6366 (flat)  4623 (hierarchical)
    Elapsed: 0.040s  Memory: 1079.00M
"-" in: sky130A_mr.drc:436
    Edges: 6366 (flat)  4623 (hierarchical)
    Elapsed: 0.010s  Memory: 1079.00M
"edges" in: sky130A_mr.drc:437
    Edges: 0 (flat)  0 (hierarchical)
    Elapsed: 0.010s  Memory: 1087.00M
"merged" in: sky130A_mr.drc:437
    Polygons (raw): 448 (flat)  386 (hierarchical)
    Elapsed: 0.010s  Memory: 1079.00M
"outside_part" in: sky130A_mr.drc:437
    Edges: 0 (flat)  0 (hierarchical)
    Elapsed: 0.000s  Memory: 1079.00M
"space" in: sky130A_mr.drc:439
    Edge pairs: 0 (flat)  0 (hierarchical)
    Elapsed: 0.040s  Memory: 1087.00M
"output" in: sky130A_mr.drc:439
    Edge pairs: 0 (flat)  0 (hierarchical)
    Elapsed: 0.000s  Memory: 1079.00M
"separation" in: sky130A_mr.drc:441
    Edge pairs: 0 (flat)  0 (hierarchical)
    Elapsed: 0.010s  Memory: 1079.00M
"space" in: sky130A_mr.drc:441
    Edge pairs: 0 (flat)  0 (hierarchical)
    Elapsed: 0.010s  Memory: 1079.00M
"+" in: sky130A_mr.drc:441
    Edge pairs: 0 (flat)  0 (hierarchical)
    Elapsed: 0.000s  Memory: 1079.00M
"output" in: sky130A_mr.drc:441
    Edge pairs: 0 (flat)  0 (hierarchical)
    Elapsed: 0.000s  Memory: 1079.00M
"input" in: sky130A_mr.drc:445
    Polygons (raw): 1735 (flat)  1331 (hierarchical)
    Elapsed: 0.010s  Memory: 1079.00M
"enclosing" in: sky130A_mr.drc:447
    Edge pairs: 0 (flat)  0 (hierarchical)
    Elapsed: 0.090s  Memory: 1079.00M
"output" in: sky130A_mr.drc:447
    Edge pairs: 0 (flat)  0 (hierarchical)
    Elapsed: 0.010s  Memory: 1079.00M
"not" in: sky130A_mr.drc:448
    Polygons (raw): 0 (flat)  0 (hierarchical)
    Elapsed: 0.030s  Memory: 1079.00M
"output" in: sky130A_mr.drc:448
    Polygons (raw): 0 (flat)  0 (hierarchical)
    Elapsed: 0.010s  Memory: 1079.00M
"input" in: sky130A_mr.drc:450
    Polygons (raw): 0 (flat)  0 (hierarchical)
    Elapsed: 0.010s  Memory: 1079.00M
"enclosing" in: sky130A_mr.drc:451
    Edge pairs: 0 (flat)  0 (hierarchical)
    Elapsed: 0.010s  Memory: 1111.00M
"output" in: sky130A_mr.drc:451
    Edge pairs: 0 (flat)  0 (hierarchical)
    Elapsed: 0.010s  Memory: 1079.00M
"not" in: sky130A_mr.drc:453
    Polygons (raw): 0 (flat)  0 (hierarchical)
    Elapsed: 0.000s  Memory: 1079.00M
"output" in: sky130A_mr.drc:453
    Polygons (raw): 0 (flat)  0 (hierarchical)
    Elapsed: 0.010s  Memory: 1079.00M
"with_area" in: sky130A_mr.drc:455
    Polygons (raw): 0 (flat)  0 (hierarchical)
    Elapsed: 0.010s  Memory: 1079.00M
"output" in: sky130A_mr.drc:455
    Polygons (raw): 0 (flat)  0 (hierarchical)
    Elapsed: 0.000s  Memory: 1079.00M
"holes" in: sky130A_mr.drc:457
    Polygons (raw): 10 (flat)  10 (hierarchical)
    Elapsed: 0.010s  Memory: 1079.00M
"with_area" in: sky130A_mr.drc:457
    Polygons (raw): 0 (flat)  0 (hierarchical)
    Elapsed: 0.010s  Memory: 1079.00M
"output" in: sky130A_mr.drc:457
    Polygons (raw): 0 (flat)  0 (hierarchical)
    Elapsed: 0.010s  Memory: 1079.00M
"enclosing" in: sky130A_mr.drc:464
    Edge pairs: 12210 (flat)  11567 (hierarchical)
    Elapsed: 0.160s  Memory: 1079.00M
"second_edges" in: sky130A_mr.drc:464
    Edges: 12210 (flat)  11567 (hierarchical)
    Elapsed: 0.010s  Memory: 1079.00M
"width" in: sky130A_mr.drc:465
    Edge pairs: 0 (flat)  0 (hierarchical)
    Elapsed: 0.050s  Memory: 1096.00M
"polygons" in: sky130A_mr.drc:466
    Polygons (raw): 0 (flat)  0 (hierarchical)
    Elapsed: 0.000s  Memory: 1080.00M
"interacting" in: sky130A_mr.drc:466
    Polygons (raw): 0 (flat)  0 (hierarchical)
    Elapsed: 0.050s  Memory: 1088.00M
"output" in: sky130A_mr.drc:467
    Polygons (raw): 0 (flat)  0 (hierarchical)
    Elapsed: 0.000s  Memory: 1080.00M
END: 68/20 (m1)
START: 68/44 (via)
"not" in: sky130A_mr.drc:481
    Polygons (raw): 791 (flat)  758 (hierarchical)
    Elapsed: 0.010s  Memory: 1080.00M
"non_rectangles" in: sky130A_mr.drc:483
    Polygons (raw): 0 (flat)  0 (hierarchical)
    Elapsed: 0.020s  Memory: 1080.00M
"output" in: sky130A_mr.drc:483
    Polygons (raw): 0 (flat)  0 (hierarchical)
    Elapsed: 0.000s  Memory: 1080.00M
"width" in: sky130A_mr.drc:484
    Edge pairs: 0 (flat)  0 (hierarchical)
    Elapsed: 0.010s  Memory: 1080.00M
"output" in: sky130A_mr.drc:484
    Edge pairs: 0 (flat)  0 (hierarchical)
    Elapsed: 0.010s  Memory: 1080.00M
"drc" in: sky130A_mr.drc:486
    Edges: 0 (flat)  0 (hierarchical)
    Elapsed: 0.010s  Memory: 1080.00M
"output" in: sky130A_mr.drc:486
    Edges: 0 (flat)  0 (hierarchical)
    Elapsed: 0.010s  Memory: 1080.00M
"space" in: sky130A_mr.drc:488
    Edge pairs: 0 (flat)  0 (hierarchical)
    Elapsed: 0.020s  Memory: 1088.00M
"output" in: sky130A_mr.drc:488
    Edge pairs: 0 (flat)  0 (hierarchical)
    Elapsed: 0.010s  Memory: 1080.00M
"edges" in: sky130A_mr.drc:496
    Edges: 6366 (flat)  4623 (hierarchical)
    Elapsed: 0.040s  Memory: 1080.00M
"drc" in: sky130A_mr.drc:496
    Edges: 3164 (flat)  3032 (hierarchical)
    Elapsed: 0.020s  Memory: 1096.00M
"enclosing" in: sky130A_mr.drc:496
    Edge pairs: 0 (flat)  0 (hierarchical)
    Elapsed: 0.020s  Memory: 1080.00M
"output" in: sky130A_mr.drc:496
    Edge pairs: 0 (flat)  0 (hierarchical)
    Elapsed: 0.020s  Memory: 1080.00M
"squares" in: sky130A_mr.drc:497
    Polygons (raw): 791 (flat)  758 (hierarchical)
    Elapsed: 0.010s  Memory: 1080.00M
"drc" in: sky130A_mr.drc:497
    Edges: 3164 (flat)  3032 (hierarchical)
    Elapsed: 0.010s  Memory: 1080.00M
"not" in: sky130A_mr.drc:497
    Edges: 0 (flat)  0 (hierarchical)
    Elapsed: 0.020s  Memory: 1088.00M
"output" in: sky130A_mr.drc:497
    Edges: 0 (flat)  0 (hierarchical)
    Elapsed: 0.010s  Memory: 1080.00M
"edges" in: sky130A_mr.drc:499
    Edges: 6366 (flat)  4623 (hierarchical)
    Elapsed: 0.040s  Memory: 1080.00M
"drc" in: sky130A_mr.drc:499
    Edges: 3164 (flat)  3032 (hierarchical)
    Elapsed: 0.010s  Memory: 1080.00M
"enclosing" in: sky130A_mr.drc:499
    Edge pairs: 135 (flat)  135 (hierarchical)
    Elapsed: 0.040s  Memory: 1088.00M
"second_edges" in: sky130A_mr.drc:499
    Edges: 135 (flat)  135 (hierarchical)
    Elapsed: 0.000s  Memory: 1088.00M
"width" in: sky130A_mr.drc:500
    Edge pairs: 0 (flat)  0 (hierarchical)
    Elapsed: 0.020s  Memory: 1088.00M
"polygons" in: sky130A_mr.drc:501
    Polygons (raw): 0 (flat)  0 (hierarchical)
    Elapsed: 0.000s  Memory: 1088.00M
"interacting" in: sky130A_mr.drc:501
    Polygons (raw): 0 (flat)  0 (hierarchical)
    Elapsed: 0.010s  Memory: 1080.00M
"output" in: sky130A_mr.drc:502
    Polygons (raw): 0 (flat)  0 (hierarchical)
    Elapsed: 0.010s  Memory: 1080.00M
END: 68/44 (via)
START: 69/20 (m2)
"width" in: sky130A_mr.drc:509
    Edge pairs: 0 (flat)  0 (hierarchical)
    Elapsed: 0.020s  Memory: 1080.00M
"output" in: sky130A_mr.drc:509
    Edge pairs: 0 (flat)  0 (hierarchical)
    Elapsed: 0.010s  Memory: 1080.00M
"sized" in: sky130A_mr.drc:511
    Polygons (raw): 0 (flat)  0 (hierarchical)
    Elapsed: 0.000s  Memory: 1080.00M
"sized" in: sky130A_mr.drc:511
    Polygons (raw): 0 (flat)  0 (hierarchical)
    Elapsed: 0.010s  Memory: 1080.00M
"snap" in: sky130A_mr.drc:511
    Polygons (raw): 0 (flat)  0 (hierarchical)
    Elapsed: 0.010s  Memory: 1080.00M
"&" in: sky130A_mr.drc:511
    Polygons (raw): 0 (flat)  0 (hierarchical)
    Elapsed: 0.000s  Memory: 1080.00M
"edges" in: sky130A_mr.drc:512
    Edges: 2808 (flat)  2762 (hierarchical)
    Elapsed: 0.010s  Memory: 1080.00M
"-" in: sky130A_mr.drc:512
    Edges: 2808 (flat)  2762 (hierarchical)
    Elapsed: 0.010s  Memory: 1080.00M
"edges" in: sky130A_mr.drc:513
    Edges: 0 (flat)  0 (hierarchical)
    Elapsed: 0.010s  Memory: 1080.00M
"merged" in: sky130A_mr.drc:513
    Polygons (raw): 590 (flat)  582 (hierarchical)
    Elapsed: 0.010s  Memory: 1080.00M
"outside_part" in: sky130A_mr.drc:513
    Edges: 0 (flat)  0 (hierarchical)
    Elapsed: 0.000s  Memory: 1080.00M
"not" in: sky130A_mr.drc:514
    Polygons (raw): 791 (flat)  758 (hierarchical)
    Elapsed: 0.000s  Memory: 1080.00M
"space" in: sky130A_mr.drc:516
    Edge pairs: 0 (flat)  0 (hierarchical)
    Elapsed: 0.020s  Memory: 1080.00M
"output" in: sky130A_mr.drc:516
    Edge pairs: 0 (flat)  0 (hierarchical)
    Elapsed: 0.010s  Memory: 1080.00M
"separation" in: sky130A_mr.drc:518
    Edge pairs: 0 (flat)  0 (hierarchical)
    Elapsed: 0.010s  Memory: 1080.00M
"space" in: sky130A_mr.drc:518
    Edge pairs: 0 (flat)  0 (hierarchical)
    Elapsed: 0.000s  Memory: 1080.00M
"+" in: sky130A_mr.drc:518
    Edge pairs: 0 (flat)  0 (hierarchical)
    Elapsed: 0.010s  Memory: 1080.00M
"output" in: sky130A_mr.drc:518
    Edge pairs: 0 (flat)  0 (hierarchical)
    Elapsed: 0.010s  Memory: 1080.00M
"with_area" in: sky130A_mr.drc:520
    Polygons (raw): 0 (flat)  0 (hierarchical)
    Elapsed: 0.000s  Memory: 1080.00M
"output" in: sky130A_mr.drc:520
    Polygons (raw): 0 (flat)  0 (hierarchical)
    Elapsed: 0.010s  Memory: 1080.00M
"holes" in: sky130A_mr.drc:521
    Polygons (raw): 1 (flat)  1 (hierarchical)
    Elapsed: 0.010s  Memory: 1080.00M
"with_area" in: sky130A_mr.drc:521
    Polygons (raw): 0 (flat)  0 (hierarchical)
    Elapsed: 0.000s  Memory: 1080.00M
"output" in: sky130A_mr.drc:521
    Polygons (raw): 0 (flat)  0 (hierarchical)
    Elapsed: 0.010s  Memory: 1080.00M
"enclosing" in: sky130A_mr.drc:526
    Edge pairs: 0 (flat)  0 (hierarchical)
    Elapsed: 0.020s  Memory: 1096.00M
"output" in: sky130A_mr.drc:526
    Edge pairs: 0 (flat)  0 (hierarchical)
    Elapsed: 0.000s  Memory: 1080.00M
"not" in: sky130A_mr.drc:527
    Polygons (raw): 0 (flat)  0 (hierarchical)
    Elapsed: 0.020s  Memory: 1080.00M
"output" in: sky130A_mr.drc:527
    Polygons (raw): 0 (flat)  0 (hierarchical)
    Elapsed: 0.010s  Memory: 1080.00M
"enclosing" in: sky130A_mr.drc:528
    Edge pairs: 103 (flat)  97 (hierarchical)
    Elapsed: 0.030s  Memory: 1088.00M
"second_edges" in: sky130A_mr.drc:528
    Edges: 103 (flat)  97 (hierarchical)
    Elapsed: 0.010s  Memory: 1080.00M
"width" in: sky130A_mr.drc:529
    Edge pairs: 0 (flat)  0 (hierarchical)
    Elapsed: 0.020s  Memory: 1088.00M
"polygons" in: sky130A_mr.drc:530
    Polygons (raw): 0 (flat)  0 (hierarchical)
    Elapsed: 0.010s  Memory: 1080.00M
"interacting" in: sky130A_mr.drc:530
    Polygons (raw): 0 (flat)  0 (hierarchical)
    Elapsed: 0.010s  Memory: 1080.00M
"output" in: sky130A_mr.drc:531
    Polygons (raw): 0 (flat)  0 (hierarchical)
    Elapsed: 0.000s  Memory: 1080.00M
END: 69/20 (m2)
START: 69/44 (via2)
"not" in: sky130A_mr.drc:546
    Polygons (raw): 458 (flat)  458 (hierarchical)
    Elapsed: 0.000s  Memory: 1080.00M
"non_rectangles" in: sky130A_mr.drc:547
    Polygons (raw): 0 (flat)  0 (hierarchical)
    Elapsed: 0.010s  Memory: 1080.00M
"output" in: sky130A_mr.drc:547
    Polygons (raw): 0 (flat)  0 (hierarchical)
    Elapsed: 0.020s  Memory: 1080.00M
"width" in: sky130A_mr.drc:548
    Edge pairs: 0 (flat)  0 (hierarchical)
    Elapsed: 0.000s  Memory: 1080.00M
"output" in: sky130A_mr.drc:548
    Edge pairs: 0 (flat)  0 (hierarchical)
    Elapsed: 0.010s  Memory: 1080.00M
"edges" in: sky130A_mr.drc:549
    Edges: 1832 (flat)  1832 (hierarchical)
    Elapsed: 0.020s  Memory: 1088.00M
"without_length" in: sky130A_mr.drc:549
    Edges: 0 (flat)  0 (hierarchical)
    Elapsed: 0.000s  Memory: 1080.00M
"output" in: sky130A_mr.drc:549
    Edges: 0 (flat)  0 (hierarchical)
    Elapsed: 0.010s  Memory: 1080.00M
"space" in: sky130A_mr.drc:550
    Edge pairs: 0 (flat)  0 (hierarchical)
    Elapsed: 0.020s  Memory: 1088.00M
"output" in: sky130A_mr.drc:550
    Edge pairs: 0 (flat)  0 (hierarchical)
    Elapsed: 0.000s  Memory: 1080.00M
"enclosing" in: sky130A_mr.drc:558
    Edge pairs: 0 (flat)  0 (hierarchical)
    Elapsed: 0.020s  Memory: 1080.00M
"output" in: sky130A_mr.drc:558
    Edge pairs: 0 (flat)  0 (hierarchical)
    Elapsed: 0.000s  Memory: 1080.00M
"not" in: sky130A_mr.drc:559
    Polygons (raw): 0 (flat)  0 (hierarchical)
    Elapsed: 0.020s  Memory: 1080.00M
"output" in: sky130A_mr.drc:559
    Polygons (raw): 0 (flat)  0 (hierarchical)
    Elapsed: 0.010s  Memory: 1080.00M
"enclosing" in: sky130A_mr.drc:561
    Edge pairs: 118 (flat)  118 (hierarchical)
    Elapsed: 0.020s  Memory: 1080.00M
"second_edges" in: sky130A_mr.drc:561
    Edges: 118 (flat)  118 (hierarchical)
    Elapsed: 0.000s  Memory: 1080.00M
"width" in: sky130A_mr.drc:562
    Edge pairs: 0 (flat)  0 (hierarchical)
    Elapsed: 0.010s  Memory: 1088.00M
"polygons" in: sky130A_mr.drc:563
    Polygons (raw): 0 (flat)  0 (hierarchical)
    Elapsed: 0.010s  Memory: 1088.00M
"interacting" in: sky130A_mr.drc:563
    Polygons (raw): 0 (flat)  0 (hierarchical)
    Elapsed: 0.010s  Memory: 1088.00M
"output" in: sky130A_mr.drc:564
    Polygons (raw): 0 (flat)  0 (hierarchical)
    Elapsed: 0.010s  Memory: 1080.00M
END: 69/44 (via2)
START: 70/20 (m3)
"width" in: sky130A_mr.drc:570
    Edge pairs: 0 (flat)  0 (hierarchical)
    Elapsed: 0.010s  Memory: 1080.00M
"output" in: sky130A_mr.drc:570
    Edge pairs: 0 (flat)  0 (hierarchical)
    Elapsed: 0.000s  Memory: 1080.00M
"sized" in: sky130A_mr.drc:572
    Polygons (raw): 58 (flat)  55 (hierarchical)
    Elapsed: 0.010s  Memory: 1080.00M
"sized" in: sky130A_mr.drc:572
    Polygons (raw): 58 (flat)  55 (hierarchical)
    Elapsed: 0.010s  Memory: 1080.00M
"snap" in: sky130A_mr.drc:572
    Polygons (raw): 58 (flat)  55 (hierarchical)
    Elapsed: 0.000s  Memory: 1080.00M
"&" in: sky130A_mr.drc:572
    Polygons (raw): 58 (flat)  55 (hierarchical)
    Elapsed: 0.010s  Memory: 1080.00M
"edges" in: sky130A_mr.drc:573
    Edges: 1247 (flat)  1166 (hierarchical)
    Elapsed: 0.010s  Memory: 1080.00M
"-" in: sky130A_mr.drc:573
    Edges: 923 (flat)  923 (hierarchical)
    Elapsed: 0.010s  Memory: 1080.00M
"edges" in: sky130A_mr.drc:574
    Edges: 248 (flat)  236 (hierarchical)
    Elapsed: 0.010s  Memory: 1088.00M
"merged" in: sky130A_mr.drc:574
    Polygons (raw): 246 (flat)  243 (hierarchical)
    Elapsed: 0.000s  Memory: 1080.00M
"outside_part" in: sky130A_mr.drc:574
    Edges: 261 (flat)  249 (hierarchical)
    Elapsed: 0.020s  Memory: 1080.00M
"space" in: sky130A_mr.drc:576
    Edge pairs: 0 (flat)  0 (hierarchical)
    Elapsed: 0.010s  Memory: 1088.00M
"output" in: sky130A_mr.drc:576
    Edge pairs: 0 (flat)  0 (hierarchical)
    Elapsed: 0.010s  Memory: 1080.00M
"separation" in: sky130A_mr.drc:578
    Edge pairs: 0 (flat)  0 (hierarchical)
    Elapsed: 0.020s  Memory: 1080.00M
"space" in: sky130A_mr.drc:578
    Edge pairs: 0 (flat)  0 (hierarchical)
    Elapsed: 0.010s  Memory: 1088.00M
"+" in: sky130A_mr.drc:578
    Edge pairs: 0 (flat)  0 (hierarchical)
    Elapsed: 0.010s  Memory: 1080.00M
"output" in: sky130A_mr.drc:578
    Edge pairs: 0 (flat)  0 (hierarchical)
    Elapsed: 0.000s  Memory: 1080.00M
"enclosing" in: sky130A_mr.drc:583
    Edge pairs: 0 (flat)  0 (hierarchical)
    Elapsed: 0.020s  Memory: 1080.00M
"output" in: sky130A_mr.drc:583
    Edge pairs: 0 (flat)  0 (hierarchical)
    Elapsed: 0.010s  Memory: 1080.00M
"not" in: sky130A_mr.drc:584
    Polygons (raw): 0 (flat)  0 (hierarchical)
    Elapsed: 0.010s  Memory: 1088.00M
"output" in: sky130A_mr.drc:584
    Polygons (raw): 0 (flat)  0 (hierarchical)
    Elapsed: 0.000s  Memory: 1080.00M
END: 70/20 (m3)
START: 70/44 (via3)
"not" in: sky130A_mr.drc:598
    Polygons (raw): 104658 (flat)  38022 (hierarchical)
    Elapsed: 0.010s  Memory: 1080.00M
"non_rectangles" in: sky130A_mr.drc:599
    Polygons (raw): 0 (flat)  0 (hierarchical)
    Elapsed: 0.210s  Memory: 1089.00M
"output" in: sky130A_mr.drc:599
    Polygons (raw): 0 (flat)  0 (hierarchical)
    Elapsed: 0.010s  Memory: 1089.00M
"width" in: sky130A_mr.drc:600
    Edge pairs: 0 (flat)  0 (hierarchical)
    Elapsed: 0.020s  Memory: 1089.00M
"output" in: sky130A_mr.drc:600
    Edge pairs: 0 (flat)  0 (hierarchical)
    Elapsed: 0.010s  Memory: 1089.00M
"edges" in: sky130A_mr.drc:601
    Edges: 418632 (flat)  152088 (hierarchical)
    Elapsed: 0.200s  Memory: 1089.00M
"without_length" in: sky130A_mr.drc:601
    Edges: 0 (flat)  0 (hierarchical)
    Elapsed: 0.580s  Memory: 1146.00M
"output" in: sky130A_mr.drc:601
    Edges: 0 (flat)  0 (hierarchical)
    Elapsed: 0.010s  Memory: 1146.00M
"space" in: sky130A_mr.drc:603
    Edge pairs: 0 (flat)  0 (hierarchical)
    Elapsed: 0.250s  Memory: 1146.00M
"output" in: sky130A_mr.drc:603
    Edge pairs: 0 (flat)  0 (hierarchical)
    Elapsed: 0.010s  Memory: 1146.00M
"enclosing" in: sky130A_mr.drc:604
    Edge pairs: 0 (flat)  0 (hierarchical)
    Elapsed: 0.560s  Memory: 1154.00M
"output" in: sky130A_mr.drc:604
    Edge pairs: 0 (flat)  0 (hierarchical)
    Elapsed: 0.010s  Memory: 1146.00M
"not" in: sky130A_mr.drc:605
    Polygons (raw): 0 (flat)  0 (hierarchical)
    Elapsed: 0.200s  Memory: 1146.00M
"output" in: sky130A_mr.drc:605
    Polygons (raw): 0 (flat)  0 (hierarchical)
    Elapsed: 0.000s  Memory: 1146.00M
"enclosing" in: sky130A_mr.drc:607
    Edge pairs: 0 (flat)  0 (hierarchical)
    Elapsed: 0.600s  Memory: 1146.00M
"second_edges" in: sky130A_mr.drc:607
    Edges: 0 (flat)  0 (hierarchical)
    Elapsed: 0.000s  Memory: 1146.00M
"width" in: sky130A_mr.drc:608
    Edge pairs: 0 (flat)  0 (hierarchical)
    Elapsed: 0.010s  Memory: 1146.00M
"polygons" in: sky130A_mr.drc:609
    Polygons (raw): 0 (flat)  0 (hierarchical)
    Elapsed: 0.010s  Memory: 1146.00M
"interacting" in: sky130A_mr.drc:609
    Polygons (raw): 0 (flat)  0 (hierarchical)
    Elapsed: 0.020s  Memory: 1146.00M
"output" in: sky130A_mr.drc:610
    Polygons (raw): 0 (flat)  0 (hierarchical)
    Elapsed: 0.010s  Memory: 1146.00M
END: 70/44 (via3)
START: 71/20 (m4)
"width" in: sky130A_mr.drc:616
    Edge pairs: 0 (flat)  0 (hierarchical)
    Elapsed: 0.010s  Memory: 1146.00M
"output" in: sky130A_mr.drc:616
    Edge pairs: 0 (flat)  0 (hierarchical)
    Elapsed: 0.010s  Memory: 1146.00M
"sized" in: sky130A_mr.drc:618
    Polygons (raw): 29 (flat)  29 (hierarchical)
    Elapsed: 0.010s  Memory: 1146.00M
"sized" in: sky130A_mr.drc:618
    Polygons (raw): 29 (flat)  29 (hierarchical)
    Elapsed: 0.010s  Memory: 1146.00M
"snap" in: sky130A_mr.drc:618
    Polygons (raw): 29 (flat)  29 (hierarchical)
    Elapsed: 0.010s  Memory: 1146.00M
"&" in: sky130A_mr.drc:618
    Polygons (raw): 35 (flat)  35 (hierarchical)
    Elapsed: 0.010s  Memory: 1146.00M
"edges" in: sky130A_mr.drc:619
    Edges: 480 (flat)  309 (hierarchical)
    Elapsed: 0.020s  Memory: 1154.00M
"-" in: sky130A_mr.drc:619
    Edges: 295 (flat)  205 (hierarchical)
    Elapsed: 0.010s  Memory: 1154.00M
"edges" in: sky130A_mr.drc:620
    Edges: 137 (flat)  137 (hierarchical)
    Elapsed: 0.020s  Memory: 1146.00M
"merged" in: sky130A_mr.drc:620
    Polygons (raw): 21 (flat)  21 (hierarchical)
    Elapsed: 0.010s  Memory: 1146.00M
"outside_part" in: sky130A_mr.drc:620
    Edges: 183 (flat)  183 (hierarchical)
    Elapsed: 0.010s  Memory: 1146.00M
"space" in: sky130A_mr.drc:622
    Edge pairs: 0 (flat)  0 (hierarchical)
    Elapsed: 0.020s  Memory: 1146.00M
"output" in: sky130A_mr.drc:622
    Edge pairs: 0 (flat)  0 (hierarchical)
    Elapsed: 0.010s  Memory: 1146.00M
"with_area" in: sky130A_mr.drc:624
    Polygons (raw): 0 (flat)  0 (hierarchical)
    Elapsed: 0.000s  Memory: 1146.00M
"output" in: sky130A_mr.drc:624
    Polygons (raw): 0 (flat)  0 (hierarchical)
    Elapsed: 0.010s  Memory: 1146.00M
"separation" in: sky130A_mr.drc:626
    Edge pairs: 0 (flat)  0 (hierarchical)
    Elapsed: 0.020s  Memory: 1146.00M
"space" in: sky130A_mr.drc:626
    Edge pairs: 0 (flat)  0 (hierarchical)
    Elapsed: 0.010s  Memory: 1154.00M
"+" in: sky130A_mr.drc:626
    Edge pairs: 0 (flat)  0 (hierarchical)
    Elapsed: 0.010s  Memory: 1146.00M
"output" in: sky130A_mr.drc:626
    Edge pairs: 0 (flat)  0 (hierarchical)
    Elapsed: 0.000s  Memory: 1146.00M
"enclosing" in: sky130A_mr.drc:631
    Edge pairs: 0 (flat)  0 (hierarchical)
    Elapsed: 1.290s  Memory: 1146.00M
"output" in: sky130A_mr.drc:631
    Edge pairs: 0 (flat)  0 (hierarchical)
    Elapsed: 0.010s  Memory: 1146.00M
"not" in: sky130A_mr.drc:632
    Polygons (raw): 0 (flat)  0 (hierarchical)
    Elapsed: 0.170s  Memory: 1162.00M
"output" in: sky130A_mr.drc:632
    Polygons (raw): 0 (flat)  0 (hierarchical)
    Elapsed: 0.010s  Memory: 1146.00M
END: 71/20 (m4)
START: 71/44 (via4)
"not" in: sky130A_mr.drc:645
    Polygons (raw): 14 (flat)  14 (hierarchical)
    Elapsed: 0.010s  Memory: 1146.00M
"non_rectangles" in: sky130A_mr.drc:646
    Polygons (raw): 0 (flat)  0 (hierarchical)
    Elapsed: 0.010s  Memory: 1146.00M
"output" in: sky130A_mr.drc:646
    Polygons (raw): 0 (flat)  0 (hierarchical)
    Elapsed: 0.000s  Memory: 1146.00M
"width" in: sky130A_mr.drc:647
    Edge pairs: 0 (flat)  0 (hierarchical)
    Elapsed: 0.010s  Memory: 1146.00M
"output" in: sky130A_mr.drc:647
    Edge pairs: 0 (flat)  0 (hierarchical)
    Elapsed: 0.010s  Memory: 1146.00M
"drc" in: sky130A_mr.drc:648
    Edges: 0 (flat)  0 (hierarchical)
    Elapsed: 0.010s  Memory: 1146.00M
"output" in: sky130A_mr.drc:648
    Edges: 0 (flat)  0 (hierarchical)
    Elapsed: 0.010s  Memory: 1146.00M
"space" in: sky130A_mr.drc:650
    Edge pairs: 0 (flat)  0 (hierarchical)
    Elapsed: 0.010s  Memory: 1154.00M
"polygons" in: sky130A_mr.drc:650
    Polygons (raw): 0 (flat)  0 (hierarchical)
    Elapsed: 0.000s  Memory: 1146.00M
"output" in: sky130A_mr.drc:650
    Polygons (raw): 0 (flat)  0 (hierarchical)
    Elapsed: 0.010s  Memory: 1146.00M
"enclosing" in: sky130A_mr.drc:658
    Edge pairs: 0 (flat)  0 (hierarchical)
    Elapsed: 0.010s  Memory: 1154.00M
"output" in: sky130A_mr.drc:658
    Edge pairs: 0 (flat)  0 (hierarchical)
    Elapsed: 0.010s  Memory: 1146.00M
"not" in: sky130A_mr.drc:659
    Polygons (raw): 0 (flat)  0 (hierarchical)
    Elapsed: 0.010s  Memory: 1154.00M
"output" in: sky130A_mr.drc:659
    Polygons (raw): 0 (flat)  0 (hierarchical)
    Elapsed: 0.010s  Memory: 1146.00M
END: 71/44 (via4)
START: 72/20 (m5)
"width" in: sky130A_mr.drc:664
    Edge pairs: 0 (flat)  0 (hierarchical)
    Elapsed: 0.010s  Memory: 1146.00M
"output" in: sky130A_mr.drc:664
    Edge pairs: 0 (flat)  0 (hierarchical)
    Elapsed: 0.010s  Memory: 1146.00M
"space" in: sky130A_mr.drc:666
    Edge pairs: 0 (flat)  0 (hierarchical)
    Elapsed: 0.010s  Memory: 1154.00M
"output" in: sky130A_mr.drc:666
    Edge pairs: 0 (flat)  0 (hierarchical)
    Elapsed: 0.000s  Memory: 1146.00M
"enclosing" in: sky130A_mr.drc:668
    Edge pairs: 0 (flat)  0 (hierarchical)
    Elapsed: 0.020s  Memory: 1146.00M
"output" in: sky130A_mr.drc:668
    Edge pairs: 0 (flat)  0 (hierarchical)
    Elapsed: 0.010s  Memory: 1146.00M
"not" in: sky130A_mr.drc:669
    Polygons (raw): 0 (flat)  0 (hierarchical)
    Elapsed: 0.010s  Memory: 1146.00M
"output" in: sky130A_mr.drc:669
    Polygons (raw): 0 (flat)  0 (hierarchical)
    Elapsed: 0.010s  Memory: 1146.00M
"with_area" in: sky130A_mr.drc:673
    Polygons (raw): 0 (flat)  0 (hierarchical)
    Elapsed: 0.000s  Memory: 1146.00M
"output" in: sky130A_mr.drc:673
    Polygons (raw): 0 (flat)  0 (hierarchical)
    Elapsed: 0.010s  Memory: 1146.00M
END: 72/20 (m5)
START: 76/20 (pad)
"space" in: sky130A_mr.drc:678
    Edge pairs: 0 (flat)  0 (hierarchical)
    Elapsed: 0.010s  Memory: 1146.00M
"output" in: sky130A_mr.drc:678
    Edge pairs: 0 (flat)  0 (hierarchical)
    Elapsed: 0.010s  Memory: 1146.00M
END: 76/20 (pad)
Writing report database: /home/zexious/project/sloci2/precheck_results/30_DEC_2022___04_17_34/outputs/reports/klayout_beol_check.xml ..
Total elapsed: 7.990s  Memory: 1146.00M
 
Cell exclusion list:
   rule    | cell
   nwell.6 | sky130_fd_io__gpiov2_amux, sky130_fd_io__simple_pad_and_busses, sram
   nsd.1   | sram
   nsd.2   | sram
   psd.1   | sram
   psd.2   | sram
 
release 2022.6.30_01.07
