2022-12-30 04:17:34 - [INFO] - {{EXTRACTING FILES}} Extracting compressed files in: /home/zexious/project/sloci2
2022-12-30 04:17:34 - [INFO] - {{Project Type Info}} analog
2022-12-30 04:17:34 - [INFO] - {{Project GDS Info}} user_analog_project_wrapper: 9154afb06b6b7d4ecf31ded4fca5d26c90c68282
2022-12-30 04:17:34 - [INFO] - {{Tools Info}} KLayout: v0.27.10 | Magic: v8.3.315
2022-12-30 04:17:34 - [INFO] - {{PDKs Info}} SKY130A: f70d8ca46961ff92719d8870a18a076370b85f6c | Open PDKs: 120b0bd69c745825a0b8b76f364043a1cd08bb6a
2022-12-30 04:17:34 - [INFO] - {{START}} Precheck Started, the full log 'precheck.log' will be located in '/home/zexious/project/sloci2/precheck_results/30_DEC_2022___04_17_34/logs'
2022-12-30 04:17:34 - [INFO] - {{PRECHECK SEQUENCE}} Precheck will run the following checks: [License, Makefile, Default, Documentation, Consistency, GPIO-Defines, XOR, Magic DRC, Klayout FEOL, Klayout BEOL, Klayout Offgrid, Klayout Metal Minimum Clear Area Density, Klayout Pin Label Purposes Overlapping Drawing, Klayout ZeroArea]
2022-12-30 04:17:34 - [INFO] - {{STEP UPDATE}} Executing Check 1 of 14: License
2022-12-30 04:17:35 - [INFO] - An approved LICENSE (Apache-2.0) was found in /home/zexious/project/sloci2.
2022-12-30 04:17:35 - [INFO] - {{MAIN LICENSE CHECK PASSED}} An approved LICENSE was found in project root.
2022-12-30 04:17:36 - [INFO] - An approved LICENSE (Apache-2.0) was found in /home/zexious/project/sloci2.
2022-12-30 04:17:36 - [INFO] - {{SUBMODULES LICENSE CHECK PASSED}} No prohibited LICENSE file(s) was found in project submodules
2022-12-30 04:17:36 - [ERROR] - SPDX COMPLIANCE SYMLINK FILE NOT FOUND in /home/zexious/project/sloci2/openlane/Makefile
2022-12-30 04:17:36 - [WARNING] - {{SPDX COMPLIANCE CHECK FAILED}} Found 223 non-compliant file(s) with the SPDX Standard.
2022-12-30 04:17:36 - [INFO] - SPDX COMPLIANCE: NON-COMPLIANT FILE(S) PREVIEW: ['/home/zexious/project/sloci2/sourceme_precheck', '/home/zexious/project/sloci2/mag/sky130_fd_pr__cap_mim_m3_1_WXTTNJ.ext', '/home/zexious/project/sloci2/mag/sky130_fd_pr__nfet_01v8_lvt_7MFZYU.ext', '/home/zexious/project/sloci2/mag/bias.ext', '/home/zexious/project/sloci2/mag/sky130_fd_pr__pfet_01v8_LDYTSD.ext', '/home/zexious/project/sloci2/mag/3T.ext', '/home/zexious/project/sloci2/mag/compare_out_cmos_rc_top', '/home/zexious/project/sloci2/mag/sky130_fd_pr__nfet_01v8_lvt_A5VCMN.ext', '/home/zexious/project/sloci2/mag/sky130_fd_pr__nfet_01v8_lvt_WSE2Y6.ext', '/home/zexious/project/sloci2/mag/XM_ppair.ext', '/home/zexious/project/sloci2/mag/rc_model_8cap.ext', '/home/zexious/project/sloci2/mag/rc_model_4cap.ext', '/home/zexious/project/sloci2/mag/sky130_fd_pr__nfet_01v8_lvt_USQY94.ext', '/home/zexious/project/sloci2/mag/sky130_fd_pr__pfet_01v8_lvt_BKT746.ext', '/home/zexious/project/sloci2/mag/sky130_fd_pr__pfet_01v8_lvt_B64SAM.ext']
2022-12-30 04:17:36 - [INFO] - For the full SPDX compliance report check: /home/zexious/project/sloci2/precheck_results/30_DEC_2022___04_17_34/logs/spdx_compliance_report.log
2022-12-30 04:17:36 - [INFO] - {{STEP UPDATE}} Executing Check 2 of 14: Makefile
2022-12-30 04:17:36 - [INFO] - {{MAKEFILE CHECK PASSED}} Makefile valid.
2022-12-30 04:17:36 - [INFO] - {{STEP UPDATE}} Executing Check 3 of 14: Default
2022-12-30 04:17:36 - [WARNING] - The provided 'README.md' is identical to the default 'README.md'
2022-12-30 04:17:36 - [WARNING] - {{README DEFAULT CHECK FAILED}} Project 'README.md' was not modified and is identical to the default 'README.md'
2022-12-30 04:17:36 - [INFO] - {{CONTENT DEFAULT CHECK PASSED}} Project 'gds' was modified and is not identical to the default 'gds'
2022-12-30 04:17:36 - [INFO] - {{STEP UPDATE}} Executing Check 4 of 14: Documentation
2022-12-30 04:17:36 - [INFO] - {{DOCUMENTATION CHECK PASSED}} Project documentation is appropriate.
2022-12-30 04:17:36 - [INFO] - {{STEP UPDATE}} Executing Check 5 of 14: Consistency
2022-12-30 04:17:37 - [INFO] - {{NETLIST CONSISTENCY CHECK PASSED}} caravan netlist passed all consistency checks.
2022-12-30 04:17:37 - [INFO] - PORTS CHECK PASSED: Netlist user_analog_project_wrapper ports match the golden wrapper ports
2022-12-30 04:17:37 - [INFO] - COMPLEXITY CHECK PASSED: Netlist user_analog_project_wrapper contains at least 1 instances (11 instances). 
2022-12-30 04:17:37 - [INFO] - MODELING CHECK PASSED: Netlist user_analog_project_wrapper is structural.
2022-12-30 04:17:37 - [WARNING] - LAYOUT CHECK FAILED: The GDS layout for user_analog_project_wrapper doesn't match the provided structural netlist. Mismatching modules are: ['cmos_imager_rc_top']
2022-12-30 04:17:37 - [WARNING] - {{NETLIST CONSISTENCY CHECK FAILED}} user_analog_project_wrapper netlist failed 1 consistency check(s): ['LAYOUT'].
2022-12-30 04:17:37 - [WARNING] - {{CONSISTENCY CHECK FAILED}} The user netlist and the top netlist are not valid.
2022-12-30 04:17:37 - [INFO] - {{STEP UPDATE}} Executing Check 6 of 14: GPIO-Defines
2022-12-30 04:17:37 - [WARNING] - {{GPIO-DEFINES: MAIN USER DEFINES FAIL}} /home/zexious/project/sloci2/verilog/rtl/user_defines.v not readable.
2022-12-30 04:17:37 - [CRITICAL] - {{GPIO-DEFINES: CHECK FAILED}} Fail due to 1 error(s) reported above. No report generated.
2022-12-30 04:17:37 - [WARNING] - {{GPIO-DEFINES CHECK FAILED}} The user verilog/rtl/user_defines.v is not valid.
2022-12-30 04:17:37 - [INFO] - {{STEP UPDATE}} Executing Check 7 of 14: XOR
2022-12-30 04:17:40 - [INFO] - {{XOR CHECK UPDATE}} Total XOR differences: 0, for more details view /home/zexious/project/sloci2/precheck_results/30_DEC_2022___04_17_34/outputs/user_analog_project_wrapper.xor.gds
2022-12-30 04:17:40 - [INFO] - {{XOR CHECK PASSED}} The GDS file has no XOR violations.
2022-12-30 04:17:40 - [INFO] - {{STEP UPDATE}} Executing Check 8 of 14: Magic DRC
2022-12-30 04:17:40 - [INFO] - 0 DRC violations
2022-12-30 04:17:40 - [INFO] - {{MAGIC DRC CHECK PASSED}} The GDS file, user_analog_project_wrapper.gds, has no DRC violations.
2022-12-30 04:17:40 - [INFO] - {{STEP UPDATE}} Executing Check 9 of 14: Klayout FEOL
2022-12-30 04:17:40 - [INFO] - in CUSTOM klayout_gds_drc_check
2022-12-30 04:17:40 - [INFO] - run: klayout -b -r /home/zexious/mpw_precheck/checks/tech-files/sky130A_mr.drc -rd input=/home/zexious/project/sloci2/gds/user_analog_project_wrapper.gds -rd topcell=user_analog_project_wrapper -rd report=/home/zexious/project/sloci2/precheck_results/30_DEC_2022___04_17_34/outputs/reports/klayout_feol_check.xml -rd feol=true >& /home/zexious/project/sloci2/precheck_results/30_DEC_2022___04_17_34/logs/klayout_feol_check.log
2022-12-30 04:17:44 - [ERROR] - Total # of DRC violations is 34 Please check /home/zexious/project/sloci2/precheck_results/30_DEC_2022___04_17_34/outputs/reports/klayout_feol_check.xml For more details
2022-12-30 04:17:44 - [WARNING] - {{Klayout FEOL CHECK FAILED}} The GDS file, user_analog_project_wrapper.gds, has DRC violations.
2022-12-30 04:17:44 - [INFO] - {{STEP UPDATE}} Executing Check 10 of 14: Klayout BEOL
2022-12-30 04:17:44 - [INFO] - in CUSTOM klayout_gds_drc_check
2022-12-30 04:17:44 - [INFO] - run: klayout -b -r /home/zexious/mpw_precheck/checks/tech-files/sky130A_mr.drc -rd input=/home/zexious/project/sloci2/gds/user_analog_project_wrapper.gds -rd topcell=user_analog_project_wrapper -rd report=/home/zexious/project/sloci2/precheck_results/30_DEC_2022___04_17_34/outputs/reports/klayout_beol_check.xml -rd beol=true >& /home/zexious/project/sloci2/precheck_results/30_DEC_2022___04_17_34/logs/klayout_beol_check.log
2022-12-30 04:17:51 - [INFO] - No DRC Violations found
2022-12-30 04:17:51 - [INFO] - {{Klayout BEOL CHECK PASSED}} The GDS file, user_analog_project_wrapper.gds, has no DRC violations.
2022-12-30 04:17:51 - [INFO] - {{STEP UPDATE}} Executing Check 11 of 14: Klayout Offgrid
2022-12-30 04:17:51 - [INFO] - in CUSTOM klayout_gds_drc_check
2022-12-30 04:17:51 - [INFO] - run: klayout -b -r /home/zexious/mpw_precheck/checks/tech-files/sky130A_mr.drc -rd input=/home/zexious/project/sloci2/gds/user_analog_project_wrapper.gds -rd topcell=user_analog_project_wrapper -rd report=/home/zexious/project/sloci2/precheck_results/30_DEC_2022___04_17_34/outputs/reports/klayout_offgrid_check.xml -rd offgrid=true >& /home/zexious/project/sloci2/precheck_results/30_DEC_2022___04_17_34/logs/klayout_offgrid_check.log
2022-12-30 04:17:54 - [INFO] - No DRC Violations found
2022-12-30 04:17:54 - [INFO] - {{Klayout Offgrid CHECK PASSED}} The GDS file, user_analog_project_wrapper.gds, has no DRC violations.
2022-12-30 04:17:54 - [INFO] - {{STEP UPDATE}} Executing Check 12 of 14: Klayout Metal Minimum Clear Area Density
2022-12-30 04:17:54 - [INFO] - in CUSTOM klayout_gds_drc_check
2022-12-30 04:17:54 - [INFO] - run: klayout -b -r /home/zexious/mpw_precheck/checks/drc_checks/klayout/met_min_ca_density.lydrc -rd input=/home/zexious/project/sloci2/gds/user_analog_project_wrapper.gds -rd topcell=user_analog_project_wrapper -rd report=/home/zexious/project/sloci2/precheck_results/30_DEC_2022___04_17_34/outputs/reports/klayout_met_min_ca_density_check.xml >& /home/zexious/project/sloci2/precheck_results/30_DEC_2022___04_17_34/logs/klayout_met_min_ca_density_check.log
2022-12-30 04:17:55 - [INFO] - No DRC Violations found
2022-12-30 04:17:55 - [INFO] - {{Klayout Metal Minimum Clear Area Density CHECK PASSED}} The GDS file, user_analog_project_wrapper.gds, has no DRC violations.
2022-12-30 04:17:55 - [INFO] - {{STEP UPDATE}} Executing Check 13 of 14: Klayout Pin Label Purposes Overlapping Drawing
2022-12-30 04:17:55 - [INFO] - in CUSTOM klayout_gds_drc_check
2022-12-30 04:17:55 - [INFO] - run: klayout -b -r /home/zexious/mpw_precheck/checks/drc_checks/klayout/pin_label_purposes_overlapping_drawing.rb.drc -rd input=/home/zexious/project/sloci2/gds/user_analog_project_wrapper.gds -rd topcell=user_analog_project_wrapper -rd report=/home/zexious/project/sloci2/precheck_results/30_DEC_2022___04_17_34/outputs/reports/klayout_pin_label_purposes_overlapping_drawing_check.xml -rd top_cell_name=user_analog_project_wrapper >& /home/zexious/project/sloci2/precheck_results/30_DEC_2022___04_17_34/logs/klayout_pin_label_purposes_overlapping_drawing_check.log
2022-12-30 04:17:57 - [INFO] - No DRC Violations found
2022-12-30 04:17:57 - [INFO] - {{Klayout Pin Label Purposes Overlapping Drawing CHECK PASSED}} The GDS file, user_analog_project_wrapper.gds, has no DRC violations.
2022-12-30 04:17:57 - [INFO] - {{STEP UPDATE}} Executing Check 14 of 14: Klayout ZeroArea
2022-12-30 04:17:57 - [INFO] - in CUSTOM klayout_gds_drc_check
2022-12-30 04:17:57 - [INFO] - run: klayout -b -r /home/zexious/mpw_precheck/checks/drc_checks/klayout/zeroarea.rb.drc -rd input=/home/zexious/project/sloci2/gds/user_analog_project_wrapper.gds -rd topcell=user_analog_project_wrapper -rd report=/home/zexious/project/sloci2/precheck_results/30_DEC_2022___04_17_34/outputs/reports/klayout_zeroarea_check.xml -rd cleaned_output=/home/zexious/project/sloci2/precheck_results/30_DEC_2022___04_17_34/outputs/user_analog_project_wrapper_no_zero_areas.gds >& /home/zexious/project/sloci2/precheck_results/30_DEC_2022___04_17_34/logs/klayout_zeroarea_check.log
2022-12-30 04:17:58 - [INFO] - No DRC Violations found
2022-12-30 04:17:58 - [INFO] - {{Klayout ZeroArea CHECK PASSED}} The GDS file, user_analog_project_wrapper.gds, has no DRC violations.
2022-12-30 04:17:58 - [INFO] - {{FINISH}} Executing Finished, the full log 'precheck.log' can be found in '/home/zexious/project/sloci2/precheck_results/30_DEC_2022___04_17_34/logs'
2022-12-30 04:17:58 - [CRITICAL] - {{FAILURE}} 4 Check(s) Failed: ['Default', 'Consistency', 'GPIO-Defines', 'Klayout FEOL'] !!!
