Warning: Equate pins:  cell sky130_fd_pr__res_xhigh_po_5p73 is a placeholder, treated as a black box.
Warning: Equate pins:  cell sky130_fd_pr__res_xhigh_po_5p73 is a placeholder, treated as a black box.

Subcircuit pins:
Circuit 1: sky130_fd_pr__res_xhigh_po_5p73 |Circuit 2: sky130_fd_pr__res_xhigh_po_5p73 
-------------------------------------------|-------------------------------------------
1                                          |1                                          
2                                          |2                                          
3                                          |3                                          
---------------------------------------------------------------------------------------
Cell pin lists are equivalent.
Device classes sky130_fd_pr__res_xhigh_po_5p73 and sky130_fd_pr__res_xhigh_po_5p73 are equivalent.
Warning: Equate pins:  cell sky130_fd_pr__nfet_01v8_lvt is a placeholder, treated as a black box.
Warning: Equate pins:  cell sky130_fd_pr__nfet_01v8_lvt is a placeholder, treated as a black box.

Subcircuit pins:
Circuit 1: sky130_fd_pr__nfet_01v8_lvt     |Circuit 2: sky130_fd_pr__nfet_01v8_lvt     
-------------------------------------------|-------------------------------------------
1                                          |1                                          
2                                          |2                                          
3                                          |3                                          
4                                          |4                                          
---------------------------------------------------------------------------------------
Cell pin lists are equivalent.
Device classes sky130_fd_pr__nfet_01v8_lvt and sky130_fd_pr__nfet_01v8_lvt are equivalent.
Flattening unmatched subcell sky130_fd_pr__res_xhigh_po_5p73_4C7XCD in circuit cons1 (0)(4 instances)
Flattening unmatched subcell sky130_fd_pr__nfet_01v8_lvt_FKGFGD in circuit cons1 (0)(4 instances)
Flattening unmatched subcell sky130_fd_pr__res_xhigh_po_5p73_QP6N54 in circuit cons1 (0)(2 instances)
Flattening unmatched subcell sky130_fd_pr__nfet_01v8_lvt_G3ZQK6 in circuit cons1 (0)(2 instances)
Flattening unmatched subcell sky130_fd_pr__nfet_01v8_lvt_648S5X in circuit cons1 (0)(2 instances)

Class cons1 (0):  Merged 582 parallel devices.
Subcircuit summary:
Circuit 1: cons1                           |Circuit 2: norm_stages1                    
-------------------------------------------|-------------------------------------------
sky130_fd_pr__res_xhigh_po_5p73 (6)        |sky130_fd_pr__res_xhigh_po_5p73 (6)        
sky130_fd_pr__nfet_01v8_lvt (590->8)       |sky130_fd_pr__nfet_01v8_lvt (8)            
Number of devices: 14                      |Number of devices: 14                      
Number of nets: 13                         |Number of nets: 13                         
---------------------------------------------------------------------------------------
Resolving automorphisms by property value.
Resolving automorphisms by pin name.
Netlists match uniquely.
Circuits match correctly.

Subcircuit pins:
Circuit 1: cons1                           |Circuit 2: norm_stages1                    
-------------------------------------------|-------------------------------------------
vcsw                                       |vcsw                                       
vinp                                       |vinp                                       
vinn                                       |vinn                                       
vc1                                        |vc1                                        
vc2                                        |vc2                                        
vss                                        |vss                                        
voutp                                      |voutp                                      
voutn                                      |voutn                                      
vd21                                       |vd21                                       
vd22                                       |vd22                                       
(no matching pin)                          |vdd                                        
---------------------------------------------------------------------------------------
Cell pin lists for cons1 and norm_stages1 altered to match.
Cells failed matching, or top level cell failed pin matching.
